{"/home/travis/build/npmtest/node-npmtest-pretty-error/test.js":{"path":"/home/travis/build/npmtest/node-npmtest-pretty-error/test.js","s":{"1":2,"2":2,"3":2,"4":2,"5":2,"6":2,"7":2,"8":1,"9":2,"10":2,"11":1,"12":1,"13":1,"14":1,"15":2,"16":2,"17":2,"18":2,"19":1,"20":1,"21":2,"22":2,"23":2,"24":1,"25":1,"26":1,"27":1,"28":1,"29":1,"30":1,"31":1,"32":1,"33":1,"34":1,"35":1,"36":1,"37":1,"38":1,"39":2,"40":2,"41":1,"42":2,"43":2,"44":1,"45":2,"46":2,"47":1,"48":2,"49":2,"50":1,"51":1,"52":1,"53":1,"54":1},"b":{"1":[2,1,1,1],"2":[1,1,1,1],"3":[1,1],"4":[1,1],"5":[1,1],"6":[1,1],"7":[1,1],"8":[1,1],"9":[1,1],"10":[1,1,1],"11":[1,1],"12":[1,1],"13":[1,1],"14":[1,1],"15":[1,1],"16":[1,1],"17":[1,1]},"f":{"1":2,"2":2,"3":2,"4":2,"5":2,"6":1,"7":1,"8":1,"9":2,"10":2,"11":2,"12":2,"13":1},"fnMap":{"1":{"name":"(anonymous_1)","line":12,"loc":{"start":{"line":12,"column":1},"end":{"line":12,"column":13}}},"2":{"name":"(anonymous_2)","line":19,"loc":{"start":{"line":19,"column":5},"end":{"line":19,"column":17}}},"3":{"name":"(anonymous_3)","line":23,"loc":{"start":{"line":23,"column":24},"end":{"line":23,"column":36}}},"4":{"name":"(anonymous_4)","line":61,"loc":{"start":{"line":61,"column":5},"end":{"line":61,"column":17}}},"5":{"name":"(anonymous_5)","line":82,"loc":{"start":{"line":82,"column":5},"end":{"line":82,"column":17}}},"6":{"name":"(anonymous_6)","line":91,"loc":{"start":{"line":91,"column":77},"end":{"line":94,"column":10}}},"7":{"name":"(anonymous_7)","line":112,"loc":{"start":{"line":112,"column":83},"end":{"line":115,"column":10}},"skip":true},"8":{"name":"(anonymous_8)","line":123,"loc":{"start":{"line":123,"column":77},"end":{"line":126,"column":10}},"skip":true},"9":{"name":"(anonymous_9)","line":139,"loc":{"start":{"line":139,"column":12},"end":{"line":139,"column":40}},"skip":true},"10":{"name":"(anonymous_10)","line":147,"loc":{"start":{"line":147,"column":77},"end":{"line":150,"column":10}},"skip":true},"11":{"name":"(anonymous_11)","line":158,"loc":{"start":{"line":158,"column":83},"end":{"line":161,"column":10}},"skip":true},"12":{"name":"(anonymous_12)","line":169,"loc":{"start":{"line":169,"column":79},"end":{"line":172,"column":10}},"skip":true},"13":{"name":"(anonymous_13)","line":180,"loc":{"start":{"line":180,"column":75},"end":{"line":183,"column":10}},"skip":true}},"statementMap":{"1":{"start":{"line":12,"column":0},"end":{"line":195,"column":5}},"2":{"start":{"line":14,"column":4},"end":{"line":14,"column":14}},"3":{"start":{"line":19,"column":4},"end":{"line":56,"column":9}},"4":{"start":{"line":21,"column":8},"end":{"line":21,"column":19}},"5":{"start":{"line":23,"column":8},"end":{"line":35,"column":13}},"6":{"start":{"line":24,"column":12},"end":{"line":34,"column":13}},"7":{"start":{"line":25,"column":16},"end":{"line":28,"column":30}},"8":{"start":{"line":30,"column":16},"end":{"line":33,"column":27}},"9":{"start":{"line":37,"column":8},"end":{"line":39,"column":21}},"10":{"start":{"line":40,"column":8},"end":{"line":53,"column":9}},"11":{"start":{"line":43,"column":12},"end":{"line":46,"column":14}},"12":{"start":{"line":47,"column":12},"end":{"line":47,"column":18}},"13":{"start":{"line":50,"column":12},"end":{"line":51,"column":46}},"14":{"start":{"line":52,"column":12},"end":{"line":52,"column":18}},"15":{"start":{"line":55,"column":8},"end":{"line":55,"column":35}},"16":{"start":{"line":61,"column":4},"end":{"line":63,"column":9}},"17":{"start":{"line":62,"column":8},"end":{"line":62,"column":15}},"18":{"start":{"line":64,"column":4},"end":{"line":77,"column":5}},"19":{"start":{"line":70,"column":8},"end":{"line":70,"column":14}},"20":{"start":{"line":76,"column":8},"end":{"line":76,"column":14}},"21":{"start":{"line":82,"column":4},"end":{"line":84,"column":9}},"22":{"start":{"line":83,"column":8},"end":{"line":83,"column":15}},"23":{"start":{"line":85,"column":4},"end":{"line":194,"column":5}},"24":{"start":{"line":91,"column":8},"end":{"line":99,"column":10}},"25":{"start":{"line":98,"column":12},"end":{"line":98,"column":35}},"26":{"start":{"line":102,"column":8},"end":{"line":104,"column":63}},"27":{"start":{"line":105,"column":8},"end":{"line":105,"column":14}},"28":{"start":{"line":112,"column":8},"end":{"line":121,"column":10},"skip":true},"29":{"start":{"line":119,"column":12},"end":{"line":119,"column":55},"skip":true},"30":{"start":{"line":120,"column":12},"end":{"line":120,"column":48},"skip":true},"31":{"start":{"line":123,"column":8},"end":{"line":136,"column":10},"skip":true},"32":{"start":{"line":130,"column":12},"end":{"line":130,"column":76},"skip":true},"33":{"start":{"line":131,"column":12},"end":{"line":131,"column":73},"skip":true},"34":{"start":{"line":132,"column":12},"end":{"line":132,"column":74},"skip":true},"35":{"start":{"line":133,"column":12},"end":{"line":133,"column":79},"skip":true},"36":{"start":{"line":134,"column":12},"end":{"line":134,"column":25},"skip":true},"37":{"start":{"line":135,"column":12},"end":{"line":135,"column":45},"skip":true},"38":{"start":{"line":138,"column":8},"end":{"line":145,"column":14},"skip":true},"39":{"start":{"line":143,"column":16},"end":{"line":143,"column":29},"skip":true},"40":{"start":{"line":144,"column":16},"end":{"line":144,"column":55},"skip":true},"41":{"start":{"line":147,"column":8},"end":{"line":156,"column":10},"skip":true},"42":{"start":{"line":154,"column":12},"end":{"line":154,"column":25},"skip":true},"43":{"start":{"line":155,"column":12},"end":{"line":155,"column":45},"skip":true},"44":{"start":{"line":158,"column":8},"end":{"line":167,"column":10},"skip":true},"45":{"start":{"line":165,"column":12},"end":{"line":165,"column":25},"skip":true},"46":{"start":{"line":166,"column":12},"end":{"line":166,"column":48},"skip":true},"47":{"start":{"line":169,"column":8},"end":{"line":178,"column":10},"skip":true},"48":{"start":{"line":176,"column":12},"end":{"line":176,"column":25},"skip":true},"49":{"start":{"line":177,"column":12},"end":{"line":177,"column":46},"skip":true},"50":{"start":{"line":180,"column":8},"end":{"line":189,"column":10},"skip":true},"51":{"start":{"line":187,"column":12},"end":{"line":187,"column":94},"skip":true},"52":{"start":{"line":188,"column":12},"end":{"line":188,"column":48},"skip":true},"53":{"start":{"line":192,"column":8},"end":{"line":192,"column":35},"skip":true},"54":{"start":{"line":193,"column":8},"end":{"line":193,"column":14},"skip":true}},"branchMap":{"1":{"line":25,"type":"binary-expr","locations":[{"start":{"line":25,"column":23},"end":{"line":25,"column":62}},{"start":{"line":26,"column":20},"end":{"line":26,"column":70}},{"start":{"line":27,"column":20},"end":{"line":27,"column":71}},{"start":{"line":28,"column":20},"end":{"line":28,"column":29}}]},"2":{"line":30,"type":"binary-expr","locations":[{"start":{"line":30,"column":23},"end":{"line":30,"column":37}},{"start":{"line":31,"column":20},"end":{"line":31,"column":61}},{"start":{"line":32,"column":20},"end":{"line":32,"column":70}},{"start":{"line":33,"column":20},"end":{"line":33,"column":26}}]},"3":{"line":37,"type":"cond-expr","locations":[{"start":{"line":38,"column":14},"end":{"line":38,"column":20}},{"start":{"line":39,"column":14},"end":{"line":39,"column":20}}]},"4":{"line":40,"type":"switch","locations":[{"start":{"line":42,"column":8},"end":{"line":47,"column":18}},{"start":{"line":49,"column":8},"end":{"line":52,"column":18}}]},"5":{"line":44,"type":"binary-expr","locations":[{"start":{"line":44,"column":16},"end":{"line":44,"column":44}},{"start":{"line":44,"column":48},"end":{"line":44,"column":66}}]},"6":{"line":50,"type":"binary-expr","locations":[{"start":{"line":50,"column":21},"end":{"line":50,"column":49}},{"start":{"line":50,"column":53},"end":{"line":50,"column":72}}]},"7":{"line":64,"type":"switch","locations":[{"start":{"line":69,"column":4},"end":{"line":70,"column":14}},{"start":{"line":75,"column":4},"end":{"line":76,"column":14}}]},"8":{"line":85,"type":"switch","locations":[{"start":{"line":90,"column":4},"end":{"line":105,"column":14}},{"start":{"line":111,"column":4},"end":{"line":193,"column":14},"skip":true}]},"9":{"line":91,"type":"binary-expr","locations":[{"start":{"line":91,"column":42},"end":{"line":91,"column":73}},{"start":{"line":91,"column":77},"end":{"line":99,"column":9}}]},"10":{"line":102,"type":"binary-expr","locations":[{"start":{"line":102,"column":18},"end":{"line":102,"column":32}},{"start":{"line":103,"column":12},"end":{"line":103,"column":53}},{"start":{"line":104,"column":12},"end":{"line":104,"column":61}}]},"11":{"line":112,"type":"binary-expr","locations":[{"start":{"line":112,"column":45},"end":{"line":112,"column":79},"skip":true},{"start":{"line":112,"column":83},"end":{"line":121,"column":9},"skip":true}]},"12":{"line":123,"type":"binary-expr","locations":[{"start":{"line":123,"column":42},"end":{"line":123,"column":73},"skip":true},{"start":{"line":123,"column":77},"end":{"line":136,"column":9},"skip":true}]},"13":{"line":138,"type":"binary-expr","locations":[{"start":{"line":138,"column":48},"end":{"line":138,"column":85},"skip":true},{"start":{"line":139,"column":12},"end":{"line":145,"column":13},"skip":true}]},"14":{"line":147,"type":"binary-expr","locations":[{"start":{"line":147,"column":42},"end":{"line":147,"column":73},"skip":true},{"start":{"line":147,"column":77},"end":{"line":156,"column":9},"skip":true}]},"15":{"line":158,"type":"binary-expr","locations":[{"start":{"line":158,"column":45},"end":{"line":158,"column":79},"skip":true},{"start":{"line":158,"column":83},"end":{"line":167,"column":9},"skip":true}]},"16":{"line":169,"type":"binary-expr","locations":[{"start":{"line":169,"column":43},"end":{"line":169,"column":75},"skip":true},{"start":{"line":169,"column":79},"end":{"line":178,"column":9},"skip":true}]},"17":{"line":180,"type":"binary-expr","locations":[{"start":{"line":180,"column":41},"end":{"line":180,"column":71},"skip":true},{"start":{"line":180,"column":75},"end":{"line":189,"column":9},"skip":true}]}},"code":["/* istanbul instrument in package npmtest_pretty_error */","/*jslint","    bitwise: true,","    browser: true,","    maxerr: 8,","    maxlen: 96,","    node: true,","    nomen: true,","    regexp: true,","    stupid: true","*/","(function () {","    'use strict';","    var local;","","","","    // run shared js-env code - pre-init","    (function () {","        // init local","        local = {};","        // init modeJs","        local.modeJs = (function () {","            try {","                return typeof navigator.userAgent === 'string' &&","                    typeof document.querySelector('body') === 'object' &&","                    typeof XMLHttpRequest.prototype.open === 'function' &&","                    'browser';","            } catch (errorCaughtBrowser) {","                return module.exports &&","                    typeof process.versions.node === 'string' &&","                    typeof require('http').createServer === 'function' &&","                    'node';","            }","        }());","        // init global","        local.global = local.modeJs === 'browser'","            ? window","            : global;","        switch (local.modeJs) {","        // re-init local from window.local","        case 'browser':","            local = local.global.utility2.objectSetDefault(","                local.global.utility2_rollup || local.global.local,","                local.global.utility2","            );","            break;","        // re-init local from example.js","        case 'node':","            local = (local.global.utility2_rollup || require('utility2'))","                .requireExampleJsFromReadme();","            break;","        }","        // export local","        local.global.local = local;","    }());","","","","    // run shared js-env code - function","    (function () {","        return;","    }());","    switch (local.modeJs) {","","","","    // run browser js-env code - function","    case 'browser':","        break;","","","","    // run node js-env code - function","    case 'node':","        break;","    }","","","","    // run shared js-env code - post-init","    (function () {","        return;","    }());","    switch (local.modeJs) {","","","","    // run browser js-env code - post-init","    case 'browser':","        local.testCase_browser_nullCase = local.testCase_browser_nullCase || function (","            options,","            onError","        ) {","        /*","         * this function will test browsers's null-case handling-behavior-behavior","         */","            onError(null, options);","        };","","        // run tests","        local.nop(local.modeTest &&","            document.querySelector('#testRunButton1') &&","            document.querySelector('#testRunButton1').click());","        break;","","","","    // run node js-env code - post-init","    /* istanbul ignore next */","    case 'node':","        local.testCase_buildApidoc_default = local.testCase_buildApidoc_default || function (","            options,","            onError","        ) {","        /*","         * this function will test buildApidoc's default handling-behavior-behavior","         */","            options = { modulePathList: module.paths };","            local.buildApidoc(options, onError);","        };","","        local.testCase_buildApp_default = local.testCase_buildApp_default || function (","            options,","            onError","        ) {","        /*","         * this function will test buildApp's default handling-behavior-behavior","         */","            local.testCase_buildReadme_default(options, local.onErrorThrow);","            local.testCase_buildLib_default(options, local.onErrorThrow);","            local.testCase_buildTest_default(options, local.onErrorThrow);","            local.testCase_buildCustomOrg_default(options, local.onErrorThrow);","            options = [];","            local.buildApp(options, onError);","        };","","        local.testCase_buildCustomOrg_default = local.testCase_buildCustomOrg_default ||","            function (options, onError) {","            /*","             * this function will test buildCustomOrg's default handling-behavior","             */","                options = {};","                local.buildCustomOrg(options, onError);","            };","","        local.testCase_buildLib_default = local.testCase_buildLib_default || function (","            options,","            onError","        ) {","        /*","         * this function will test buildLib's default handling-behavior","         */","            options = {};","            local.buildLib(options, onError);","        };","","        local.testCase_buildReadme_default = local.testCase_buildReadme_default || function (","            options,","            onError","        ) {","        /*","         * this function will test buildReadme's default handling-behavior-behavior","         */","            options = {};","            local.buildReadme(options, onError);","        };","","        local.testCase_buildTest_default = local.testCase_buildTest_default || function (","            options,","            onError","        ) {","        /*","         * this function will test buildTest's default handling-behavior","         */","            options = {};","            local.buildTest(options, onError);","        };","","        local.testCase_webpage_default = local.testCase_webpage_default || function (","            options,","            onError","        ) {","        /*","         * this function will test webpage's default handling-behavior","         */","            options = { modeCoverageMerge: true, url: local.serverLocalHost + '?modeTest=1' };","            local.browserTest(options, onError);","        };","","        // run test-server","        local.testRunServer(local);","        break;","    }","}());",""],"l":{"12":2,"14":2,"19":2,"21":2,"23":2,"24":2,"25":2,"30":1,"37":2,"40":2,"43":1,"47":1,"50":1,"52":1,"55":2,"61":2,"62":2,"64":2,"70":1,"76":1,"82":2,"83":2,"85":2,"91":1,"98":1,"102":1,"105":1,"112":1,"119":1,"120":1,"123":1,"130":1,"131":1,"132":1,"133":1,"134":1,"135":1,"138":1,"143":2,"144":2,"147":1,"154":2,"155":2,"158":1,"165":2,"166":2,"169":1,"176":2,"177":2,"180":1,"187":1,"188":1,"192":1,"193":1}},"/home/travis/build/npmtest/node-npmtest-pretty-error/lib.npmtest_pretty_error.js":{"path":"/home/travis/build/npmtest/node-npmtest-pretty-error/lib.npmtest_pretty_error.js","s":{"1":2,"2":2,"3":2,"4":2,"5":2,"6":2,"7":2,"8":1,"9":2,"10":2,"11":2,"12":2,"13":1,"14":1,"15":1,"16":1},"b":{"1":[2,1,1,1],"2":[1,1,1,1],"3":[1,1],"4":[2,2],"5":[1,1]},"f":{"1":2,"2":2,"3":2},"fnMap":{"1":{"name":"(anonymous_1)","line":12,"loc":{"start":{"line":12,"column":1},"end":{"line":12,"column":13}}},"2":{"name":"(anonymous_2)","line":19,"loc":{"start":{"line":19,"column":5},"end":{"line":19,"column":17}}},"3":{"name":"(anonymous_3)","line":23,"loc":{"start":{"line":23,"column":24},"end":{"line":23,"column":36}}}},"statementMap":{"1":{"start":{"line":12,"column":0},"end":{"line":53,"column":5}},"2":{"start":{"line":14,"column":4},"end":{"line":14,"column":14}},"3":{"start":{"line":19,"column":4},"end":{"line":52,"column":9}},"4":{"start":{"line":21,"column":8},"end":{"line":21,"column":19}},"5":{"start":{"line":23,"column":8},"end":{"line":35,"column":13}},"6":{"start":{"line":24,"column":12},"end":{"line":34,"column":13}},"7":{"start":{"line":25,"column":16},"end":{"line":28,"column":30}},"8":{"start":{"line":30,"column":16},"end":{"line":33,"column":27}},"9":{"start":{"line":37,"column":8},"end":{"line":39,"column":21}},"10":{"start":{"line":41,"column":8},"end":{"line":41,"column":54}},"11":{"start":{"line":43,"column":8},"end":{"line":43,"column":57}},"12":{"start":{"line":45,"column":8},"end":{"line":51,"column":9}},"13":{"start":{"line":46,"column":12},"end":{"line":46,"column":63}},"14":{"start":{"line":48,"column":12},"end":{"line":48,"column":35}},"15":{"start":{"line":49,"column":12},"end":{"line":49,"column":49}},"16":{"start":{"line":50,"column":12},"end":{"line":50,"column":43}}},"branchMap":{"1":{"line":25,"type":"binary-expr","locations":[{"start":{"line":25,"column":23},"end":{"line":25,"column":62}},{"start":{"line":26,"column":20},"end":{"line":26,"column":70}},{"start":{"line":27,"column":20},"end":{"line":27,"column":71}},{"start":{"line":28,"column":20},"end":{"line":28,"column":29}}]},"2":{"line":30,"type":"binary-expr","locations":[{"start":{"line":30,"column":23},"end":{"line":30,"column":37}},{"start":{"line":31,"column":20},"end":{"line":31,"column":61}},{"start":{"line":32,"column":20},"end":{"line":32,"column":70}},{"start":{"line":33,"column":20},"end":{"line":33,"column":26}}]},"3":{"line":37,"type":"cond-expr","locations":[{"start":{"line":38,"column":14},"end":{"line":38,"column":20}},{"start":{"line":39,"column":14},"end":{"line":39,"column":20}}]},"4":{"line":41,"type":"binary-expr","locations":[{"start":{"line":41,"column":16},"end":{"line":41,"column":44}},{"start":{"line":41,"column":48},"end":{"line":41,"column":53}}]},"5":{"line":45,"type":"if","locations":[{"start":{"line":45,"column":8},"end":{"line":45,"column":8}},{"start":{"line":45,"column":8},"end":{"line":45,"column":8}}]}},"code":["/* istanbul instrument in package npmtest_pretty_error */","/*jslint","    bitwise: true,","    browser: true,","    maxerr: 8,","    maxlen: 96,","    node: true,","    nomen: true,","    regexp: true,","    stupid: true","*/","(function () {","    'use strict';","    var local;","","","","    // run shared js-env code - pre-init","    (function () {","        // init local","        local = {};","        // init modeJs","        local.modeJs = (function () {","            try {","                return typeof navigator.userAgent === 'string' &&","                    typeof document.querySelector('body') === 'object' &&","                    typeof XMLHttpRequest.prototype.open === 'function' &&","                    'browser';","            } catch (errorCaughtBrowser) {","                return module.exports &&","                    typeof process.versions.node === 'string' &&","                    typeof require('http').createServer === 'function' &&","                    'node';","            }","        }());","        // init global","        local.global = local.modeJs === 'browser'","            ? window","            : global;","        // init utility2_rollup","        local = local.global.utility2_rollup || local;","        // init lib","        local.local = local.npmtest_pretty_error = local;","        // init exports","        if (local.modeJs === 'browser') {","            local.global.utility2_npmtest_pretty_error = local;","        } else {","            module.exports = local;","            module.exports.__dirname = __dirname;","            module.exports.module = module;","        }","    }());","}());",""],"l":{"12":2,"14":2,"19":2,"21":2,"23":2,"24":2,"25":2,"30":1,"37":2,"41":2,"43":2,"45":2,"46":1,"48":1,"49":1,"50":1}},"/home/travis/build/npmtest/node-npmtest-pretty-error/example.js":{"path":"/home/travis/build/npmtest/node-npmtest-pretty-error/example.js","s":{"1":2,"2":2,"3":2,"4":2,"5":2,"6":2,"7":2,"8":1,"9":2,"10":2,"11":2,"12":2,"13":1,"14":2,"15":2,"16":2,"17":2,"18":2,"19":0,"20":2,"21":1,"22":1,"23":1,"24":1,"25":1,"26":0,"27":0,"28":1,"29":1,"30":2,"31":0,"32":0,"33":0,"34":1,"35":2,"36":2,"37":3,"38":3,"39":3,"40":3,"41":0,"42":3,"43":3,"44":3,"45":1,"46":3,"47":1,"48":1,"49":1,"50":1,"51":1,"52":1,"53":1,"54":1,"55":1,"56":1,"57":0,"58":1,"59":6,"60":6,"61":1,"62":2,"63":0,"64":2,"65":1,"66":1,"67":0,"68":0,"69":0,"70":0,"71":0,"72":0,"73":0,"74":0,"75":0,"76":0,"77":0,"78":0,"79":0,"80":0,"81":0,"82":0,"83":0},"b":{"1":[2,1,1,1],"2":[1,1,1,1],"3":[1,1],"4":[2,2],"5":[1,1],"6":[1,1],"7":[2,0],"8":[2,1,1,1,1,1],"9":[0,2,0],"10":[1,1],"11":[2,1,1],"12":[1,0],"13":[0,2],"14":[2,0,0,0,0,0,0],"15":[0,3],"16":[3,0],"17":[1,1],"18":[0,1],"19":[1,2,0,2],"20":[1,0],"21":[1,1],"22":[0,0],"23":[0,0],"24":[0,0],"25":[0,0],"26":[0,0],"27":[0,0],"28":[0,0]},"f":{"1":2,"2":2,"3":2,"4":2,"5":2,"6":2,"7":3,"8":3,"9":3,"10":1,"11":6,"12":0},"fnMap":{"1":{"name":"(anonymous_1)","line":26,"loc":{"start":{"line":26,"column":1},"end":{"line":26,"column":13}}},"2":{"name":"(anonymous_2)","line":33,"loc":{"start":{"line":33,"column":5},"end":{"line":33,"column":17}}},"3":{"name":"(anonymous_3)","line":37,"loc":{"start":{"line":37,"column":24},"end":{"line":37,"column":36}}},"4":{"name":"(anonymous_4)","line":69,"loc":{"start":{"line":69,"column":31},"end":{"line":69,"column":48}},"skip":true},"5":{"name":"(anonymous_5)","line":78,"loc":{"start":{"line":78,"column":26},"end":{"line":78,"column":45}},"skip":true},"6":{"name":"(anonymous_6)","line":123,"loc":{"start":{"line":123,"column":33},"end":{"line":123,"column":48}},"skip":true},"7":{"name":"(anonymous_7)","line":125,"loc":{"start":{"line":125,"column":27},"end":{"line":125,"column":39}},"skip":true},"8":{"name":"(anonymous_8)","line":133,"loc":{"start":{"line":133,"column":59},"end":{"line":133,"column":74}},"skip":true},"9":{"name":"(anonymous_9)","line":143,"loc":{"start":{"line":143,"column":45},"end":{"line":143,"column":62}},"skip":true},"10":{"name":"(anonymous_10)","line":144,"loc":{"start":{"line":144,"column":73},"end":{"line":144,"column":92}},"skip":true},"11":{"name":"(anonymous_11)","line":272,"loc":{"start":{"line":272,"column":51},"end":{"line":272,"column":77}},"skip":true},"12":{"name":"(anonymous_12)","line":315,"loc":{"start":{"line":315,"column":32},"end":{"line":315,"column":61}},"skip":true}},"statementMap":{"1":{"start":{"line":26,"column":0},"end":{"line":326,"column":5}},"2":{"start":{"line":28,"column":4},"end":{"line":28,"column":14}},"3":{"start":{"line":33,"column":4},"end":{"line":60,"column":9}},"4":{"start":{"line":35,"column":8},"end":{"line":35,"column":19}},"5":{"start":{"line":37,"column":8},"end":{"line":49,"column":13}},"6":{"start":{"line":38,"column":12},"end":{"line":48,"column":13}},"7":{"start":{"line":39,"column":16},"end":{"line":42,"column":30}},"8":{"start":{"line":44,"column":16},"end":{"line":47,"column":27}},"9":{"start":{"line":51,"column":8},"end":{"line":53,"column":21}},"10":{"start":{"line":55,"column":8},"end":{"line":57,"column":45}},"11":{"start":{"line":59,"column":8},"end":{"line":59,"column":35}},"12":{"start":{"line":61,"column":4},"end":{"line":325,"column":5}},"13":{"start":{"line":69,"column":8},"end":{"line":121,"column":10},"skip":true},"14":{"start":{"line":70,"column":12},"end":{"line":88,"column":13},"skip":true},"15":{"start":{"line":76,"column":16},"end":{"line":87,"column":19},"skip":true},"16":{"start":{"line":79,"column":20},"end":{"line":86,"column":21},"skip":true},"17":{"start":{"line":82,"column":24},"end":{"line":82,"column":43},"skip":true},"18":{"start":{"line":83,"column":24},"end":{"line":83,"column":30},"skip":true},"19":{"start":{"line":85,"column":24},"end":{"line":85,"column":49},"skip":true},"20":{"start":{"line":89,"column":12},"end":{"line":107,"column":13},"skip":true},"21":{"start":{"line":92,"column":16},"end":{"line":102,"column":17},"skip":true},"22":{"start":{"line":93,"column":20},"end":{"line":93,"column":86},"skip":true},"23":{"start":{"line":94,"column":20},"end":{"line":95,"column":45},"skip":true},"24":{"start":{"line":96,"column":20},"end":{"line":96,"column":42},"skip":true},"25":{"start":{"line":97,"column":20},"end":{"line":97,"column":48},"skip":true},"26":{"start":{"line":100,"column":20},"end":{"line":100,"column":85},"skip":true},"27":{"start":{"line":101,"column":20},"end":{"line":101,"column":96},"skip":true},"28":{"start":{"line":103,"column":16},"end":{"line":103,"column":22},"skip":true},"29":{"start":{"line":106,"column":16},"end":{"line":106,"column":22},"skip":true},"30":{"start":{"line":108,"column":12},"end":{"line":120,"column":13},"skip":true},"31":{"start":{"line":114,"column":16},"end":{"line":119,"column":17},"skip":true},"32":{"start":{"line":116,"column":20},"end":{"line":116,"column":78},"skip":true},"33":{"start":{"line":118,"column":20},"end":{"line":118,"column":47},"skip":true},"34":{"start":{"line":123,"column":8},"end":{"line":141,"column":11},"skip":true},"35":{"start":{"line":124,"column":12},"end":{"line":124,"column":54},"skip":true},"36":{"start":{"line":125,"column":12},"end":{"line":140,"column":14},"skip":true},"37":{"start":{"line":126,"column":16},"end":{"line":126,"column":28},"skip":true},"38":{"start":{"line":127,"column":16},"end":{"line":127,"column":69},"skip":true},"39":{"start":{"line":128,"column":16},"end":{"line":128,"column":75},"skip":true},"40":{"start":{"line":129,"column":16},"end":{"line":131,"column":17},"skip":true},"41":{"start":{"line":130,"column":20},"end":{"line":130,"column":27},"skip":true},"42":{"start":{"line":133,"column":16},"end":{"line":137,"column":36},"skip":true},"43":{"start":{"line":134,"column":20},"end":{"line":136,"column":55},"skip":true},"44":{"start":{"line":139,"column":16},"end":{"line":139,"column":57},"skip":true},"45":{"start":{"line":143,"column":8},"end":{"line":147,"column":11},"skip":true},"46":{"start":{"line":144,"column":12},"end":{"line":146,"column":15},"skip":true},"47":{"start":{"line":145,"column":16},"end":{"line":145,"column":70},"skip":true},"48":{"start":{"line":149,"column":8},"end":{"line":149,"column":31},"skip":true},"49":{"start":{"line":150,"column":8},"end":{"line":150,"column":14},"skip":true},"50":{"start":{"line":158,"column":8},"end":{"line":158,"column":31},"skip":true},"51":{"start":{"line":160,"column":8},"end":{"line":160,"column":33},"skip":true},"52":{"start":{"line":161,"column":8},"end":{"line":161,"column":37},"skip":true},"53":{"start":{"line":162,"column":8},"end":{"line":162,"column":35},"skip":true},"54":{"start":{"line":164,"column":8},"end":{"line":164,"column":50},"skip":true},"55":{"start":{"line":166,"column":8},"end":{"line":256,"column":2},"skip":true},"56":{"start":{"line":258,"column":8},"end":{"line":286,"column":9},"skip":true},"57":{"start":{"line":259,"column":12},"end":{"line":269,"column":14},"skip":true},"58":{"start":{"line":271,"column":12},"end":{"line":285,"column":19},"skip":true},"59":{"start":{"line":274,"column":20},"end":{"line":274,"column":35},"skip":true},"60":{"start":{"line":275,"column":20},"end":{"line":284,"column":21},"skip":true},"61":{"start":{"line":277,"column":24},"end":{"line":277,"column":64},"skip":true},"62":{"start":{"line":279,"column":24},"end":{"line":279,"column":40},"skip":true},"63":{"start":{"line":281,"column":24},"end":{"line":281,"column":40},"skip":true},"64":{"start":{"line":283,"column":24},"end":{"line":283,"column":39},"skip":true},"65":{"start":{"line":288,"column":8},"end":{"line":290,"column":9},"skip":true},"66":{"start":{"line":289,"column":12},"end":{"line":289,"column":18},"skip":true},"67":{"start":{"line":291,"column":8},"end":{"line":293,"column":54},"skip":true},"68":{"start":{"line":296,"column":8},"end":{"line":301,"column":37},"skip":true},"69":{"start":{"line":303,"column":8},"end":{"line":303,"column":82},"skip":true},"70":{"start":{"line":306,"column":8},"end":{"line":308,"column":9},"skip":true},"71":{"start":{"line":307,"column":12},"end":{"line":307,"column":82},"skip":true},"72":{"start":{"line":310,"column":8},"end":{"line":312,"column":9},"skip":true},"73":{"start":{"line":311,"column":12},"end":{"line":311,"column":18},"skip":true},"74":{"start":{"line":313,"column":8},"end":{"line":313,"column":54},"skip":true},"75":{"start":{"line":314,"column":8},"end":{"line":314,"column":69},"skip":true},"76":{"start":{"line":315,"column":8},"end":{"line":323,"column":36},"skip":true},"77":{"start":{"line":316,"column":12},"end":{"line":316,"column":61},"skip":true},"78":{"start":{"line":317,"column":12},"end":{"line":320,"column":13},"skip":true},"79":{"start":{"line":318,"column":16},"end":{"line":318,"column":75},"skip":true},"80":{"start":{"line":319,"column":16},"end":{"line":319,"column":23},"skip":true},"81":{"start":{"line":321,"column":12},"end":{"line":321,"column":38},"skip":true},"82":{"start":{"line":322,"column":12},"end":{"line":322,"column":27},"skip":true},"83":{"start":{"line":324,"column":8},"end":{"line":324,"column":14},"skip":true}},"branchMap":{"1":{"line":39,"type":"binary-expr","locations":[{"start":{"line":39,"column":23},"end":{"line":39,"column":62}},{"start":{"line":40,"column":20},"end":{"line":40,"column":70}},{"start":{"line":41,"column":20},"end":{"line":41,"column":71}},{"start":{"line":42,"column":20},"end":{"line":42,"column":29}}]},"2":{"line":44,"type":"binary-expr","locations":[{"start":{"line":44,"column":23},"end":{"line":44,"column":37}},{"start":{"line":45,"column":20},"end":{"line":45,"column":61}},{"start":{"line":46,"column":20},"end":{"line":46,"column":70}},{"start":{"line":47,"column":20},"end":{"line":47,"column":26}}]},"3":{"line":51,"type":"cond-expr","locations":[{"start":{"line":52,"column":14},"end":{"line":52,"column":20}},{"start":{"line":53,"column":14},"end":{"line":53,"column":20}}]},"4":{"line":55,"type":"binary-expr","locations":[{"start":{"line":55,"column":16},"end":{"line":55,"column":44}},{"start":{"line":55,"column":49},"end":{"line":57,"column":43}}]},"5":{"line":55,"type":"cond-expr","locations":[{"start":{"line":56,"column":14},"end":{"line":56,"column":56}},{"start":{"line":57,"column":14},"end":{"line":57,"column":43}}]},"6":{"line":61,"type":"switch","locations":[{"start":{"line":68,"column":4},"end":{"line":150,"column":14},"skip":true},{"start":{"line":156,"column":4},"end":{"line":324,"column":14},"skip":true}]},"7":{"line":70,"type":"if","locations":[{"start":{"line":70,"column":12},"end":{"line":70,"column":12},"skip":true},{"start":{"line":70,"column":12},"end":{"line":70,"column":12},"skip":true}]},"8":{"line":70,"type":"binary-expr","locations":[{"start":{"line":70,"column":16},"end":{"line":70,"column":22},"skip":true},{"start":{"line":70,"column":27},"end":{"line":70,"column":32},"skip":true},{"start":{"line":71,"column":20},"end":{"line":71,"column":39},"skip":true},{"start":{"line":72,"column":20},"end":{"line":72,"column":49},"skip":true},{"start":{"line":73,"column":20},"end":{"line":73,"column":58},"skip":true},{"start":{"line":74,"column":20},"end":{"line":74,"column":69},"skip":true}]},"9":{"line":79,"type":"switch","locations":[{"start":{"line":80,"column":20},"end":{"line":80,"column":33},"skip":true},{"start":{"line":81,"column":20},"end":{"line":83,"column":30},"skip":true},{"start":{"line":84,"column":20},"end":{"line":85,"column":49},"skip":true}]},"10":{"line":89,"type":"switch","locations":[{"start":{"line":90,"column":12},"end":{"line":103,"column":22},"skip":true},{"start":{"line":105,"column":12},"end":{"line":106,"column":22},"skip":true}]},"11":{"line":89,"type":"binary-expr","locations":[{"start":{"line":89,"column":20},"end":{"line":89,"column":25},"skip":true},{"start":{"line":89,"column":29},"end":{"line":89,"column":48},"skip":true},{"start":{"line":89,"column":52},"end":{"line":89,"column":74},"skip":true}]},"12":{"line":92,"type":"if","locations":[{"start":{"line":92,"column":16},"end":{"line":92,"column":16},"skip":true},{"start":{"line":92,"column":16},"end":{"line":92,"column":16},"skip":true}]},"13":{"line":108,"type":"if","locations":[{"start":{"line":108,"column":12},"end":{"line":108,"column":12},"skip":true},{"start":{"line":108,"column":12},"end":{"line":108,"column":12},"skip":true}]},"14":{"line":108,"type":"binary-expr","locations":[{"start":{"line":108,"column":16},"end":{"line":108,"column":61},"skip":true},{"start":{"line":108,"column":66},"end":{"line":108,"column":72},"skip":true},{"start":{"line":108,"column":77},"end":{"line":108,"column":82},"skip":true},{"start":{"line":109,"column":20},"end":{"line":109,"column":39},"skip":true},{"start":{"line":110,"column":20},"end":{"line":110,"column":49},"skip":true},{"start":{"line":111,"column":20},"end":{"line":111,"column":58},"skip":true},{"start":{"line":112,"column":20},"end":{"line":112,"column":68},"skip":true}]},"15":{"line":129,"type":"if","locations":[{"start":{"line":129,"column":16},"end":{"line":129,"column":16},"skip":true},{"start":{"line":129,"column":16},"end":{"line":129,"column":16},"skip":true}]},"16":{"line":134,"type":"cond-expr","locations":[{"start":{"line":135,"column":26},"end":{"line":135,"column":29},"skip":true},{"start":{"line":136,"column":26},"end":{"line":136,"column":54},"skip":true}]},"17":{"line":164,"type":"binary-expr","locations":[{"start":{"line":164,"column":27},"end":{"line":164,"column":43},"skip":true},{"start":{"line":164,"column":47},"end":{"line":164,"column":49},"skip":true}]},"18":{"line":258,"type":"if","locations":[{"start":{"line":258,"column":8},"end":{"line":258,"column":8},"skip":true},{"start":{"line":258,"column":8},"end":{"line":258,"column":8},"skip":true}]},"19":{"line":275,"type":"switch","locations":[{"start":{"line":276,"column":20},"end":{"line":277,"column":64},"skip":true},{"start":{"line":278,"column":20},"end":{"line":279,"column":40},"skip":true},{"start":{"line":280,"column":20},"end":{"line":281,"column":40},"skip":true},{"start":{"line":282,"column":20},"end":{"line":283,"column":39},"skip":true}]},"20":{"line":288,"type":"if","locations":[{"start":{"line":288,"column":8},"end":{"line":288,"column":8},"skip":true},{"start":{"line":288,"column":8},"end":{"line":288,"column":8},"skip":true}]},"21":{"line":288,"type":"binary-expr","locations":[{"start":{"line":288,"column":12},"end":{"line":288,"column":40},"skip":true},{"start":{"line":288,"column":44},"end":{"line":288,"column":67},"skip":true}]},"22":{"line":292,"type":"binary-expr","locations":[{"start":{"line":292,"column":12},"end":{"line":292,"column":50},"skip":true},{"start":{"line":293,"column":12},"end":{"line":293,"column":53},"skip":true}]},"23":{"line":297,"type":"binary-expr","locations":[{"start":{"line":297,"column":12},"end":{"line":297,"column":70},"skip":true},{"start":{"line":298,"column":12},"end":{"line":301,"column":36},"skip":true}]},"24":{"line":303,"type":"binary-expr","locations":[{"start":{"line":303,"column":43},"end":{"line":303,"column":75},"skip":true},{"start":{"line":303,"column":79},"end":{"line":303,"column":81},"skip":true}]},"25":{"line":306,"type":"if","locations":[{"start":{"line":306,"column":8},"end":{"line":306,"column":8},"skip":true},{"start":{"line":306,"column":8},"end":{"line":306,"column":8},"skip":true}]},"26":{"line":310,"type":"if","locations":[{"start":{"line":310,"column":8},"end":{"line":310,"column":8},"skip":true},{"start":{"line":310,"column":8},"end":{"line":310,"column":8},"skip":true}]},"27":{"line":313,"type":"binary-expr","locations":[{"start":{"line":313,"column":27},"end":{"line":313,"column":43},"skip":true},{"start":{"line":313,"column":47},"end":{"line":313,"column":53},"skip":true}]},"28":{"line":317,"type":"if","locations":[{"start":{"line":317,"column":12},"end":{"line":317,"column":12},"skip":true},{"start":{"line":317,"column":12},"end":{"line":317,"column":12},"skip":true}]}},"code":["/*","example.js","","quickstart example","","instruction","    1. save this script as example.js","    2. run the shell command:","        $ npm install npmtest-pretty-error && PORT=8081 node example.js","    3. play with the browser-demo on http://127.0.0.1:8081","*/","","","","/* istanbul instrument in package npmtest_pretty_error */","/*jslint","    bitwise: true,","    browser: true,","    maxerr: 8,","    maxlen: 96,","    node: true,","    nomen: true,","    regexp: true,","    stupid: true","*/","(function () {","    'use strict';","    var local;","","","","    // run shared js-env code - pre-init","    (function () {","        // init local","        local = {};","        // init modeJs","        local.modeJs = (function () {","            try {","                return typeof navigator.userAgent === 'string' &&","                    typeof document.querySelector('body') === 'object' &&","                    typeof XMLHttpRequest.prototype.open === 'function' &&","                    'browser';","            } catch (errorCaughtBrowser) {","                return module.exports &&","                    typeof process.versions.node === 'string' &&","                    typeof require('http').createServer === 'function' &&","                    'node';","            }","        }());","        // init global","        local.global = local.modeJs === 'browser'","            ? window","            : global;","        // init utility2_rollup","        local = local.global.utility2_rollup || (local.modeJs === 'browser'","            ? local.global.utility2_npmtest_pretty_error","            : global.utility2_moduleExports);","        // export local","        local.global.local = local;","    }());","    switch (local.modeJs) {","","","","    // post-init","    // run browser js-env code - post-init","    /* istanbul ignore next */","    case 'browser':","        local.testRunBrowser = function (event) {","            if (!event || (event &&","                    event.currentTarget &&","                    event.currentTarget.className &&","                    event.currentTarget.className.includes &&","                    event.currentTarget.className.includes('onreset'))) {","                // reset output","                Array.from(","                    document.querySelectorAll('body > .resettable')","                ).forEach(function (element) {","                    switch (element.tagName) {","                    case 'INPUT':","                    case 'TEXTAREA':","                        element.value = '';","                        break;","                    default:","                        element.textContent = '';","                    }","                });","            }","            switch (event && event.currentTarget && event.currentTarget.id) {","            case 'testRunButton1':","                // show tests","                if (document.querySelector('#testReportDiv1').style.display === 'none') {","                    document.querySelector('#testReportDiv1').style.display = 'block';","                    document.querySelector('#testRunButton1').textContent =","                        'hide internal test';","                    local.modeTest = true;","                    local.testRunDefault(local);","                // hide tests","                } else {","                    document.querySelector('#testReportDiv1').style.display = 'none';","                    document.querySelector('#testRunButton1').textContent = 'run internal test';","                }","                break;","            // custom-case","            default:","                break;","            }","            if (document.querySelector('#inputTextareaEval1') && (!event || (event &&","                    event.currentTarget &&","                    event.currentTarget.className &&","                    event.currentTarget.className.includes &&","                    event.currentTarget.className.includes('oneval')))) {","                // try to eval input-code","                try {","                    /*jslint evil: true*/","                    eval(document.querySelector('#inputTextareaEval1').value);","                } catch (errorCaught) {","                    console.error(errorCaught);","                }","            }","        };","        // log stderr and stdout to #outputTextareaStdout1","        ['error', 'log'].forEach(function (key) {","            console[key + '_original'] = console[key];","            console[key] = function () {","                var element;","                console[key + '_original'].apply(console, arguments);","                element = document.querySelector('#outputTextareaStdout1');","                if (!element) {","                    return;","                }","                // append text to #outputTextareaStdout1","                element.value += Array.from(arguments).map(function (arg) {","                    return typeof arg === 'string'","                        ? arg","                        : JSON.stringify(arg, null, 4);","                }).join(' ') + '\\n';","                // scroll textarea to bottom","                element.scrollTop = element.scrollHeight;","            };","        });","        // init event-handling","        ['change', 'click', 'keyup'].forEach(function (event) {","            Array.from(document.querySelectorAll('.on' + event)).forEach(function (element) {","                element.addEventListener(event, local.testRunBrowser);","            });","        });","        // run tests","        local.testRunBrowser();","        break;","","","","    // run node js-env code - post-init","    /* istanbul ignore next */","    case 'node':","        // export local","        module.exports = local;","        // require modules","        local.fs = require('fs');","        local.http = require('http');","        local.url = require('url');","        // init assets","        local.assetsDict = local.assetsDict || {};","        /* jslint-ignore-begin */","        local.assetsDict['/assets.index.template.html'] = '\\","<!doctype html>\\n\\","<html lang=\"en\">\\n\\","<head>\\n\\","<meta charset=\"UTF-8\">\\n\\","<meta name=\"viewport\" content=\"width=device-width, initial-scale=1\">\\n\\","<title>{{env.npm_package_name}} (v{{env.npm_package_version}})</title>\\n\\","<style>\\n\\","/*csslint\\n\\","    box-sizing: false,\\n\\","    universal-selector: false\\n\\","*/\\n\\","* {\\n\\","    box-sizing: border-box;\\n\\","}\\n\\","body {\\n\\","    background: #dde;\\n\\","    font-family: Arial, Helvetica, sans-serif;\\n\\","    margin: 2rem;\\n\\","}\\n\\","body > * {\\n\\","    margin-bottom: 1rem;\\n\\","}\\n\\",".utility2FooterDiv {\\n\\","    margin-top: 20px;\\n\\","    text-align: center;\\n\\","}\\n\\","</style>\\n\\","<style>\\n\\","/*csslint\\n\\","*/\\n\\","textarea {\\n\\","    font-family: monospace;\\n\\","    height: 10rem;\\n\\","    width: 100%;\\n\\","}\\n\\","textarea[readonly] {\\n\\","    background: #ddd;\\n\\","}\\n\\","</style>\\n\\","</head>\\n\\","<body>\\n\\","<!-- utility2-comment\\n\\","<div id=\"ajaxProgressDiv1\" style=\"background: #d00; height: 2px; left: 0; margin: 0; padding: 0; position: fixed; top: 0; transition: background 0.5s, width 1.5s; width: 25%;\"></div>\\n\\","utility2-comment -->\\n\\","<h1>\\n\\","<!-- utility2-comment\\n\\","    <a\\n\\","        {{#if env.npm_package_homepage}}\\n\\","        href=\"{{env.npm_package_homepage}}\"\\n\\","        {{/if env.npm_package_homepage}}\\n\\","        target=\"_blank\"\\n\\","    >\\n\\","utility2-comment -->\\n\\","        {{env.npm_package_name}} (v{{env.npm_package_version}})\\n\\","<!-- utility2-comment\\n\\","    </a>\\n\\","utility2-comment -->\\n\\","</h1>\\n\\","<h3>{{env.npm_package_description}}</h3>\\n\\","<!-- utility2-comment\\n\\","<h4><a download href=\"assets.app.js\">download standalone app</a></h4>\\n\\","<button class=\"onclick onreset\" id=\"testRunButton1\">run internal test</button><br>\\n\\","<div id=\"testReportDiv1\" style=\"display: none;\"></div>\\n\\","utility2-comment -->\\n\\","\\n\\","\\n\\","\\n\\","<label>stderr and stdout</label>\\n\\","<textarea class=\"resettable\" id=\"outputTextareaStdout1\" readonly></textarea>\\n\\","<!-- utility2-comment\\n\\","{{#if isRollup}}\\n\\","<script src=\"assets.app.js\"></script>\\n\\","{{#unless isRollup}}\\n\\","utility2-comment -->\\n\\","<script src=\"assets.utility2.rollup.js\"></script>\\n\\","<script src=\"jsonp.utility2._stateInit?callback=window.utility2._stateInit\"></script>\\n\\","<script src=\"assets.npmtest_pretty_error.rollup.js\"></script>\\n\\","<script src=\"assets.example.js\"></script>\\n\\","<script src=\"assets.test.js\"></script>\\n\\","<!-- utility2-comment\\n\\","{{/if isRollup}}\\n\\","utility2-comment -->\\n\\","<div class=\"utility2FooterDiv\">\\n\\","    [ this app was created with\\n\\","    <a href=\"https://github.com/kaizhu256/node-utility2\" target=\"_blank\">utility2</a>\\n\\","    ]\\n\\","</div>\\n\\","</body>\\n\\","</html>\\n\\","';","        /* jslint-ignore-end */","        if (local.templateRender) {","            local.assetsDict['/'] = local.templateRender(","                local.assetsDict['/assets.index.template.html'],","                {","                    env: local.objectSetDefault(local.env, {","                        npm_package_description: 'the greatest app in the world!',","                        npm_package_name: 'my-app',","                        npm_package_nameAlias: 'my_app',","                        npm_package_version: '0.0.1'","                    })","                }","            );","        } else {","            local.assetsDict['/'] = local.assetsDict['/assets.index.template.html']","                .replace((/\\{\\{env\\.(\\w+?)\\}\\}/g), function (match0, match1) {","                    // jslint-hack","                    String(match0);","                    switch (match1) {","                    case 'npm_package_description':","                        return 'the greatest app in the world!';","                    case 'npm_package_name':","                        return 'my-app';","                    case 'npm_package_nameAlias':","                        return 'my_app';","                    case 'npm_package_version':","                        return '0.0.1';","                    }","                });","        }","        // run the cli","        if (local.global.utility2_rollup || module !== require.main) {","            break;","        }","        local.assetsDict['/assets.example.js'] =","            local.assetsDict['/assets.example.js'] ||","            local.fs.readFileSync(__filename, 'utf8');","        // bug-workaround - long $npm_package_buildCustomOrg","        /* jslint-ignore-begin */","        local.assetsDict['/assets.npmtest_pretty_error.rollup.js'] =","            local.assetsDict['/assets.npmtest_pretty_error.rollup.js'] ||","            local.fs.readFileSync(","                local.npmtest_pretty_error.__dirname + '/lib.npmtest_pretty_error.js',","                'utf8'","            ).replace((/^#!/), '//');","        /* jslint-ignore-end */","        local.assetsDict['/favicon.ico'] = local.assetsDict['/favicon.ico'] || '';","        // if $npm_config_timeout_exit exists,","        // then exit this process after $npm_config_timeout_exit ms","        if (Number(process.env.npm_config_timeout_exit)) {","            setTimeout(process.exit, Number(process.env.npm_config_timeout_exit));","        }","        // start server","        if (local.global.utility2_serverHttp1) {","            break;","        }","        process.env.PORT = process.env.PORT || '8081';","        console.error('server starting on port ' + process.env.PORT);","        local.http.createServer(function (request, response) {","            request.urlParsed = local.url.parse(request.url);","            if (local.assetsDict[request.urlParsed.pathname] !== undefined) {","                response.end(local.assetsDict[request.urlParsed.pathname]);","                return;","            }","            response.statusCode = 404;","            response.end();","        }).listen(process.env.PORT);","        break;","    }","}());",""],"l":{"26":2,"28":2,"33":2,"35":2,"37":2,"38":2,"39":2,"44":1,"51":2,"55":2,"59":2,"61":2,"69":1,"70":2,"76":2,"79":2,"82":2,"83":2,"85":1,"89":2,"92":1,"93":1,"94":1,"96":1,"97":1,"100":1,"101":1,"103":1,"106":1,"108":2,"114":1,"116":1,"118":1,"123":1,"124":2,"125":2,"126":3,"127":3,"128":3,"129":3,"130":1,"133":3,"134":3,"139":3,"143":1,"144":3,"145":1,"149":1,"150":1,"158":1,"160":1,"161":1,"162":1,"164":1,"166":1,"258":1,"259":1,"271":1,"274":6,"275":6,"277":1,"279":2,"281":1,"283":2,"288":1,"289":1,"291":1,"296":1,"303":1,"306":1,"307":1,"310":1,"311":1,"313":1,"314":1,"315":1,"316":1,"317":1,"318":1,"319":1,"321":1,"322":1,"324":1}},"/home/travis/build/npmtest/node-npmtest-pretty-error/node_modules/pretty-error/lib/PrettyError.js":{"path":"/home/travis/build/npmtest/node-npmtest-pretty-error/node_modules/pretty-error/lib/PrettyError.js","s":{"1":1,"2":0,"3":0,"4":0,"5":0,"6":1,"7":1,"8":1,"9":1,"10":1,"11":1,"12":1,"13":1,"14":1,"15":1,"16":0,"17":0,"18":0,"19":1,"20":1,"21":1,"22":1,"23":1,"24":1,"25":1,"26":1,"27":0,"28":1,"29":1,"30":1,"31":1,"32":1,"33":1,"34":1,"35":1,"36":1,"37":1,"38":1,"39":1,"40":1,"41":1,"42":1,"43":1,"44":81,"45":81,"46":81,"47":767,"48":81,"49":1,"50":1,"51":81,"52":81,"53":81,"54":1,"55":1,"56":0,"57":0,"58":1,"59":0,"60":0,"61":0,"62":0,"63":0,"64":0,"65":0,"66":0,"67":0,"68":0,"69":0,"70":0,"71":0,"72":0,"73":0,"74":0,"75":0,"76":0,"77":0,"78":0,"79":0,"80":0,"81":0,"82":0,"83":0,"84":0,"85":0,"86":0,"87":0,"88":0,"89":0,"90":0,"91":0,"92":0,"93":0,"94":0,"95":1,"96":0,"97":0,"98":1,"99":0,"100":0,"101":1,"102":0,"103":0,"104":0,"105":0,"106":0,"107":0,"108":1,"109":0,"110":0,"111":0,"112":0,"113":0,"114":0,"115":1,"116":0,"117":0,"118":1,"119":0,"120":0,"121":0,"122":0,"123":0,"124":0,"125":1,"126":0,"127":0,"128":0,"129":0,"130":0,"131":0,"132":1,"133":0,"134":0,"135":1,"136":0,"137":0,"138":0,"139":0,"140":0,"141":0,"142":1,"143":0,"144":0,"145":0,"146":0,"147":0,"148":0,"149":1,"150":0,"151":0,"152":1,"153":0,"154":1,"155":0,"156":1,"157":0,"158":0,"159":0,"160":0,"161":0,"162":0,"163":1,"164":0,"165":0,"166":0,"167":0,"168":0,"169":0,"170":1,"171":0,"172":0,"173":1,"174":0,"175":0,"176":0,"177":0,"178":0,"179":0,"180":1,"181":0,"182":0,"183":0,"184":0,"185":0,"186":0,"187":1,"188":0,"189":0,"190":1,"191":0,"192":0,"193":0,"194":0,"195":0,"196":0,"197":1,"198":0,"199":0,"200":1,"201":0,"202":0,"203":0,"204":1,"205":0,"206":0,"207":1,"208":4,"209":1,"210":0,"211":0,"212":0,"213":1,"214":4,"215":1,"216":81,"217":81,"218":0,"219":81,"220":81,"221":81,"222":81,"223":81,"224":0,"225":81,"226":1,"227":81,"228":81,"229":81,"230":81,"231":81,"232":81,"233":81,"234":81,"235":0,"236":81,"237":81,"238":81,"239":81,"240":81,"241":81,"242":767,"243":767,"244":0,"245":767,"246":0,"247":767,"248":767,"249":0,"250":767,"251":0,"252":0,"253":767,"254":767,"255":767,"256":767,"257":2,"258":765,"259":767,"260":767,"261":767,"262":0,"263":767,"264":767,"265":549,"266":767,"267":81,"268":81,"269":81,"270":81,"271":1,"272":767,"273":767,"274":767,"275":0,"276":767,"277":0,"278":767,"279":767,"280":1290,"281":1290,"282":0,"283":767,"284":765,"285":765,"286":0,"287":0,"288":767,"289":767,"290":0,"291":0,"292":0,"293":767,"294":767,"295":0,"296":0,"297":767,"298":1,"299":81,"300":81,"301":81,"302":0,"303":0,"304":1,"305":1,"306":1,"307":2,"308":2,"309":2,"310":8,"311":1,"312":2,"313":2},"b":{"1":[1,0],"2":[0,0],"3":[0,0],"4":[0,0],"5":[1,0],"6":[0,0],"7":[1,1],"8":[0,0],"9":[0,0],"10":[0,0],"11":[0,0],"12":[0,0],"13":[0,0],"14":[0,0],"15":[0,0],"16":[0,0],"17":[0,0],"18":[0,0],"19":[0,0],"20":[0,0],"21":[0,0],"22":[0,0],"23":[0,0],"24":[0,0],"25":[0,0],"26":[0,0],"27":[0,0],"28":[0,0],"29":[0,0],"30":[0,0],"31":[0,0],"32":[0,0],"33":[0,0],"34":[0,0],"35":[0,0],"36":[0,81],"37":[81,0],"38":[0,81],"39":[81,0],"40":[0,81],"41":[0,767],"42":[0,767],"43":[0,767],"44":[0,767],"45":[2,765],"46":[0,767],"47":[549,218],"48":[767,549],"49":[81,0],"50":[767,0],"51":[0,767],"52":[0,767],"53":[0,1290],"54":[765,2],"55":[0,0]},"f":{"1":0,"2":1,"3":0,"4":1,"5":1,"6":0,"7":1,"8":1,"9":81,"10":767,"11":1,"12":81,"13":0,"14":0,"15":0,"16":0,"17":0,"18":0,"19":0,"20":0,"21":0,"22":0,"23":0,"24":0,"25":0,"26":0,"27":0,"28":0,"29":0,"30":0,"31":0,"32":0,"33":0,"34":0,"35":0,"36":0,"37":0,"38":0,"39":4,"40":0,"41":4,"42":81,"43":81,"44":81,"45":767,"46":767,"47":767,"48":767,"49":81,"50":2,"51":8},"fnMap":{"1":{"name":"(anonymous_1)","line":4,"loc":{"start":{"line":4,"column":28},"end":{"line":4,"column":43}}},"2":{"name":"(anonymous_2)","line":18,"loc":{"start":{"line":18,"column":32},"end":{"line":18,"column":43}}},"3":{"name":"(anonymous_3)","line":24,"loc":{"start":{"line":24,"column":22},"end":{"line":24,"column":37}}},"4":{"name":"(anonymous_4)","line":32,"loc":{"start":{"line":32,"column":33},"end":{"line":32,"column":44}}},"5":{"name":"(anonymous_5)","line":36,"loc":{"start":{"line":36,"column":22},"end":{"line":36,"column":33}}},"6":{"name":"(anonymous_6)","line":44,"loc":{"start":{"line":44,"column":21},"end":{"line":44,"column":32}}},"7":{"name":"PrettyError","line":48,"loc":{"start":{"line":48,"column":2},"end":{"line":48,"column":25}}},"8":{"name":"(anonymous_8)","line":62,"loc":{"start":{"line":62,"column":32},"end":{"line":62,"column":43}}},"9":{"name":"(anonymous_9)","line":65,"loc":{"start":{"line":65,"column":45},"end":{"line":65,"column":67}}},"10":{"name":"(anonymous_10)","line":68,"loc":{"start":{"line":68,"column":26},"end":{"line":68,"column":42}}},"11":{"name":"(anonymous_11)","line":73,"loc":{"start":{"line":73,"column":31},"end":{"line":73,"column":47}}},"12":{"name":"(anonymous_12)","line":74,"loc":{"start":{"line":74,"column":13},"end":{"line":74,"column":34}}},"13":{"name":"(anonymous_13)","line":86,"loc":{"start":{"line":86,"column":31},"end":{"line":86,"column":42}}},"14":{"name":"(anonymous_14)","line":91,"loc":{"start":{"line":91,"column":33},"end":{"line":91,"column":45}}},"15":{"name":"(anonymous_15)","line":150,"loc":{"start":{"line":150,"column":40},"end":{"line":150,"column":51}}},"16":{"name":"(anonymous_16)","line":155,"loc":{"start":{"line":155,"column":37},"end":{"line":155,"column":48}}},"17":{"name":"(anonymous_17)","line":160,"loc":{"start":{"line":160,"column":38},"end":{"line":160,"column":49}}},"18":{"name":"(anonymous_18)","line":170,"loc":{"start":{"line":170,"column":40},"end":{"line":170,"column":51}}},"19":{"name":"(anonymous_19)","line":180,"loc":{"start":{"line":180,"column":44},"end":{"line":180,"column":55}}},"20":{"name":"(anonymous_20)","line":185,"loc":{"start":{"line":185,"column":35},"end":{"line":185,"column":46}}},"21":{"name":"(anonymous_21)","line":195,"loc":{"start":{"line":195,"column":37},"end":{"line":195,"column":48}}},"22":{"name":"(anonymous_22)","line":205,"loc":{"start":{"line":205,"column":41},"end":{"line":205,"column":52}}},"23":{"name":"(anonymous_23)","line":210,"loc":{"start":{"line":210,"column":31},"end":{"line":210,"column":42}}},"24":{"name":"(anonymous_24)","line":220,"loc":{"start":{"line":220,"column":33},"end":{"line":220,"column":44}}},"25":{"name":"(anonymous_25)","line":230,"loc":{"start":{"line":230,"column":36},"end":{"line":230,"column":47}}},"26":{"name":"(anonymous_26)","line":235,"loc":{"start":{"line":235,"column":40},"end":{"line":235,"column":51}}},"27":{"name":"(anonymous_27)","line":239,"loc":{"start":{"line":239,"column":42},"end":{"line":239,"column":53}}},"28":{"name":"(anonymous_28)","line":243,"loc":{"start":{"line":243,"column":33},"end":{"line":243,"column":44}}},"29":{"name":"(anonymous_29)","line":253,"loc":{"start":{"line":253,"column":39},"end":{"line":253,"column":50}}},"30":{"name":"(anonymous_30)","line":263,"loc":{"start":{"line":263,"column":43},"end":{"line":263,"column":54}}},"31":{"name":"(anonymous_31)","line":268,"loc":{"start":{"line":268,"column":44},"end":{"line":268,"column":55}}},"32":{"name":"(anonymous_32)","line":278,"loc":{"start":{"line":278,"column":50},"end":{"line":278,"column":61}}},"33":{"name":"(anonymous_33)","line":288,"loc":{"start":{"line":288,"column":54},"end":{"line":288,"column":65}}},"34":{"name":"(anonymous_34)","line":293,"loc":{"start":{"line":293,"column":38},"end":{"line":293,"column":57}}},"35":{"name":"(anonymous_35)","line":304,"loc":{"start":{"line":304,"column":32},"end":{"line":304,"column":60}}},"36":{"name":"(anonymous_36)","line":312,"loc":{"start":{"line":312,"column":38},"end":{"line":312,"column":59}}},"37":{"name":"(anonymous_37)","line":313,"loc":{"start":{"line":313,"column":41},"end":{"line":313,"column":56}}},"38":{"name":"(anonymous_38)","line":319,"loc":{"start":{"line":319,"column":43},"end":{"line":319,"column":54}}},"39":{"name":"(anonymous_39)","line":324,"loc":{"start":{"line":324,"column":36},"end":{"line":324,"column":47}}},"40":{"name":"(anonymous_40)","line":328,"loc":{"start":{"line":328,"column":38},"end":{"line":328,"column":57}}},"41":{"name":"(anonymous_41)","line":334,"loc":{"start":{"line":334,"column":39},"end":{"line":334,"column":50}}},"42":{"name":"(anonymous_42)","line":338,"loc":{"start":{"line":338,"column":33},"end":{"line":338,"column":63}}},"43":{"name":"(anonymous_43)","line":354,"loc":{"start":{"line":354,"column":36},"end":{"line":354,"column":48}}},"44":{"name":"(anonymous_44)","line":361,"loc":{"start":{"line":361,"column":14},"end":{"line":361,"column":25}}},"45":{"name":"(anonymous_45)","line":396,"loc":{"start":{"line":396,"column":23},"end":{"line":396,"column":34}}},"46":{"name":"(anonymous_46)","line":401,"loc":{"start":{"line":401,"column":24},"end":{"line":401,"column":35}}},"47":{"name":"(anonymous_47)","line":412,"loc":{"start":{"line":412,"column":21},"end":{"line":412,"column":32}}},"48":{"name":"(anonymous_48)","line":441,"loc":{"start":{"line":441,"column":40},"end":{"line":441,"column":67}}},"49":{"name":"(anonymous_49)","line":480,"loc":{"start":{"line":480,"column":53},"end":{"line":480,"column":69}}},"50":{"name":"(anonymous_50)","line":494,"loc":{"start":{"line":494,"column":6},"end":{"line":494,"column":17}}},"51":{"name":"(anonymous_51)","line":497,"loc":{"start":{"line":497,"column":54},"end":{"line":497,"column":65}}}},"statementMap":{"1":{"start":{"line":2,"column":0},"end":{"line":4,"column":152}},"2":{"start":{"line":4,"column":45},"end":{"line":4,"column":138}},"3":{"start":{"line":4,"column":92},"end":{"line":4,"column":136}},"4":{"start":{"line":4,"column":127},"end":{"line":4,"column":136}},"5":{"start":{"line":4,"column":139},"end":{"line":4,"column":149}},"6":{"start":{"line":6,"column":0},"end":{"line":6,"column":66}},"7":{"start":{"line":8,"column":0},"end":{"line":8,"column":41}},"8":{"start":{"line":10,"column":0},"end":{"line":10,"column":39}},"9":{"start":{"line":12,"column":0},"end":{"line":12,"column":35}},"10":{"start":{"line":14,"column":0},"end":{"line":14,"column":33}},"11":{"start":{"line":16,"column":0},"end":{"line":16,"column":16}},"12":{"start":{"line":18,"column":0},"end":{"line":491,"column":5}},"13":{"start":{"line":19,"column":2},"end":{"line":19,"column":11}},"14":{"start":{"line":21,"column":2},"end":{"line":21,"column":21}},"15":{"start":{"line":23,"column":2},"end":{"line":30,"column":4}},"16":{"start":{"line":25,"column":6},"end":{"line":27,"column":7}},"17":{"start":{"line":26,"column":8},"end":{"line":26,"column":15}},"18":{"start":{"line":28,"column":6},"end":{"line":28,"column":67}},"19":{"start":{"line":32,"column":2},"end":{"line":34,"column":4}},"20":{"start":{"line":33,"column":4},"end":{"line":33,"column":26}},"21":{"start":{"line":36,"column":2},"end":{"line":42,"column":4}},"22":{"start":{"line":37,"column":4},"end":{"line":40,"column":5}},"23":{"start":{"line":38,"column":6},"end":{"line":38,"column":26}},"24":{"start":{"line":39,"column":6},"end":{"line":39,"column":23}},"25":{"start":{"line":41,"column":4},"end":{"line":41,"column":20}},"26":{"start":{"line":44,"column":2},"end":{"line":46,"column":4}},"27":{"start":{"line":45,"column":4},"end":{"line":45,"column":55}},"28":{"start":{"line":48,"column":2},"end":{"line":60,"column":3}},"29":{"start":{"line":49,"column":4},"end":{"line":49,"column":27}},"30":{"start":{"line":50,"column":4},"end":{"line":50,"column":24}},"31":{"start":{"line":51,"column":4},"end":{"line":51,"column":30}},"32":{"start":{"line":52,"column":4},"end":{"line":52,"column":27}},"33":{"start":{"line":53,"column":4},"end":{"line":53,"column":29}},"34":{"start":{"line":54,"column":4},"end":{"line":54,"column":31}},"35":{"start":{"line":55,"column":4},"end":{"line":55,"column":34}},"36":{"start":{"line":56,"column":4},"end":{"line":56,"column":23}},"37":{"start":{"line":57,"column":4},"end":{"line":57,"column":35}},"38":{"start":{"line":58,"column":4},"end":{"line":58,"column":42}},"39":{"start":{"line":59,"column":4},"end":{"line":59,"column":38}},"40":{"start":{"line":62,"column":2},"end":{"line":84,"column":4}},"41":{"start":{"line":63,"column":4},"end":{"line":63,"column":17}},"42":{"start":{"line":64,"column":4},"end":{"line":64,"column":57}},"43":{"start":{"line":65,"column":4},"end":{"line":72,"column":6}},"44":{"start":{"line":66,"column":6},"end":{"line":66,"column":17}},"45":{"start":{"line":67,"column":6},"end":{"line":67,"column":30}},"46":{"start":{"line":68,"column":6},"end":{"line":70,"column":9}},"47":{"start":{"line":69,"column":8},"end":{"line":69,"column":44}},"48":{"start":{"line":71,"column":6},"end":{"line":71,"column":47}},"49":{"start":{"line":73,"column":4},"end":{"line":82,"column":13}},"50":{"start":{"line":74,"column":6},"end":{"line":81,"column":8}},"51":{"start":{"line":75,"column":8},"end":{"line":75,"column":18}},"52":{"start":{"line":76,"column":8},"end":{"line":76,"column":48}},"53":{"start":{"line":77,"column":8},"end":{"line":80,"column":18}},"54":{"start":{"line":83,"column":4},"end":{"line":83,"column":16}},"55":{"start":{"line":86,"column":2},"end":{"line":89,"column":4}},"56":{"start":{"line":87,"column":4},"end":{"line":87,"column":57}},"57":{"start":{"line":88,"column":4},"end":{"line":88,"column":45}},"58":{"start":{"line":91,"column":2},"end":{"line":148,"column":4}},"59":{"start":{"line":92,"column":4},"end":{"line":92,"column":27}},"60":{"start":{"line":93,"column":4},"end":{"line":99,"column":5}},"61":{"start":{"line":94,"column":6},"end":{"line":98,"column":7}},"62":{"start":{"line":95,"column":8},"end":{"line":95,"column":33}},"63":{"start":{"line":97,"column":8},"end":{"line":97,"column":53}},"64":{"start":{"line":100,"column":4},"end":{"line":106,"column":5}},"65":{"start":{"line":101,"column":6},"end":{"line":105,"column":7}},"66":{"start":{"line":102,"column":8},"end":{"line":102,"column":30}},"67":{"start":{"line":104,"column":8},"end":{"line":104,"column":47}},"68":{"start":{"line":107,"column":4},"end":{"line":113,"column":5}},"69":{"start":{"line":108,"column":6},"end":{"line":112,"column":7}},"70":{"start":{"line":109,"column":8},"end":{"line":109,"column":25}},"71":{"start":{"line":111,"column":8},"end":{"line":111,"column":38}},"72":{"start":{"line":114,"column":4},"end":{"line":116,"column":5}},"73":{"start":{"line":115,"column":6},"end":{"line":115,"column":35}},"74":{"start":{"line":117,"column":4},"end":{"line":121,"column":5}},"75":{"start":{"line":118,"column":6},"end":{"line":118,"column":27}},"76":{"start":{"line":119,"column":11},"end":{"line":121,"column":5}},"77":{"start":{"line":120,"column":6},"end":{"line":120,"column":29}},"78":{"start":{"line":122,"column":4},"end":{"line":128,"column":5}},"79":{"start":{"line":123,"column":6},"end":{"line":127,"column":7}},"80":{"start":{"line":124,"column":8},"end":{"line":124,"column":32}},"81":{"start":{"line":126,"column":8},"end":{"line":126,"column":43}},"82":{"start":{"line":129,"column":4},"end":{"line":135,"column":5}},"83":{"start":{"line":130,"column":6},"end":{"line":134,"column":7}},"84":{"start":{"line":131,"column":8},"end":{"line":131,"column":43}},"85":{"start":{"line":133,"column":8},"end":{"line":133,"column":65}},"86":{"start":{"line":136,"column":4},"end":{"line":146,"column":5}},"87":{"start":{"line":137,"column":6},"end":{"line":145,"column":7}},"88":{"start":{"line":138,"column":8},"end":{"line":138,"column":26}},"89":{"start":{"line":139,"column":8},"end":{"line":142,"column":9}},"90":{"start":{"line":140,"column":10},"end":{"line":140,"column":30}},"91":{"start":{"line":141,"column":10},"end":{"line":141,"column":34}},"92":{"start":{"line":143,"column":13},"end":{"line":145,"column":7}},"93":{"start":{"line":144,"column":8},"end":{"line":144,"column":32}},"94":{"start":{"line":147,"column":4},"end":{"line":147,"column":16}},"95":{"start":{"line":150,"column":2},"end":{"line":153,"column":4}},"96":{"start":{"line":151,"column":4},"end":{"line":151,"column":28}},"97":{"start":{"line":152,"column":4},"end":{"line":152,"column":16}},"98":{"start":{"line":155,"column":2},"end":{"line":158,"column":4}},"99":{"start":{"line":156,"column":4},"end":{"line":156,"column":27}},"100":{"start":{"line":157,"column":4},"end":{"line":157,"column":16}},"101":{"start":{"line":160,"column":2},"end":{"line":168,"column":4}},"102":{"start":{"line":161,"column":4},"end":{"line":161,"column":32}},"103":{"start":{"line":162,"column":4},"end":{"line":162,"column":71}},"104":{"start":{"line":163,"column":4},"end":{"line":166,"column":5}},"105":{"start":{"line":164,"column":6},"end":{"line":164,"column":25}},"106":{"start":{"line":165,"column":6},"end":{"line":165,"column":45}},"107":{"start":{"line":167,"column":4},"end":{"line":167,"column":16}},"108":{"start":{"line":170,"column":2},"end":{"line":178,"column":4}},"109":{"start":{"line":171,"column":4},"end":{"line":171,"column":32}},"110":{"start":{"line":172,"column":4},"end":{"line":172,"column":71}},"111":{"start":{"line":173,"column":4},"end":{"line":176,"column":5}},"112":{"start":{"line":174,"column":6},"end":{"line":174,"column":25}},"113":{"start":{"line":175,"column":6},"end":{"line":175,"column":52}},"114":{"start":{"line":177,"column":4},"end":{"line":177,"column":16}},"115":{"start":{"line":180,"column":2},"end":{"line":183,"column":4}},"116":{"start":{"line":181,"column":4},"end":{"line":181,"column":36}},"117":{"start":{"line":182,"column":4},"end":{"line":182,"column":16}},"118":{"start":{"line":185,"column":2},"end":{"line":193,"column":4}},"119":{"start":{"line":186,"column":4},"end":{"line":186,"column":30}},"120":{"start":{"line":187,"column":4},"end":{"line":187,"column":68}},"121":{"start":{"line":188,"column":4},"end":{"line":191,"column":5}},"122":{"start":{"line":189,"column":6},"end":{"line":189,"column":23}},"123":{"start":{"line":190,"column":6},"end":{"line":190,"column":35}},"124":{"start":{"line":192,"column":4},"end":{"line":192,"column":16}},"125":{"start":{"line":195,"column":2},"end":{"line":203,"column":4}},"126":{"start":{"line":196,"column":4},"end":{"line":196,"column":30}},"127":{"start":{"line":197,"column":4},"end":{"line":197,"column":68}},"128":{"start":{"line":198,"column":4},"end":{"line":201,"column":5}},"129":{"start":{"line":199,"column":6},"end":{"line":199,"column":23}},"130":{"start":{"line":200,"column":6},"end":{"line":200,"column":50}},"131":{"start":{"line":202,"column":4},"end":{"line":202,"column":16}},"132":{"start":{"line":205,"column":2},"end":{"line":208,"column":4}},"133":{"start":{"line":206,"column":4},"end":{"line":206,"column":33}},"134":{"start":{"line":207,"column":4},"end":{"line":207,"column":16}},"135":{"start":{"line":210,"column":2},"end":{"line":218,"column":4}},"136":{"start":{"line":211,"column":4},"end":{"line":211,"column":32}},"137":{"start":{"line":212,"column":4},"end":{"line":212,"column":72}},"138":{"start":{"line":213,"column":4},"end":{"line":216,"column":5}},"139":{"start":{"line":214,"column":6},"end":{"line":214,"column":25}},"140":{"start":{"line":215,"column":6},"end":{"line":215,"column":35}},"141":{"start":{"line":217,"column":4},"end":{"line":217,"column":16}},"142":{"start":{"line":220,"column":2},"end":{"line":228,"column":4}},"143":{"start":{"line":221,"column":4},"end":{"line":221,"column":32}},"144":{"start":{"line":222,"column":4},"end":{"line":222,"column":72}},"145":{"start":{"line":223,"column":4},"end":{"line":226,"column":5}},"146":{"start":{"line":224,"column":6},"end":{"line":224,"column":25}},"147":{"start":{"line":225,"column":6},"end":{"line":225,"column":50}},"148":{"start":{"line":227,"column":4},"end":{"line":227,"column":16}},"149":{"start":{"line":230,"column":2},"end":{"line":233,"column":4}},"150":{"start":{"line":231,"column":4},"end":{"line":231,"column":35}},"151":{"start":{"line":232,"column":4},"end":{"line":232,"column":16}},"152":{"start":{"line":235,"column":2},"end":{"line":237,"column":4}},"153":{"start":{"line":236,"column":4},"end":{"line":236,"column":48}},"154":{"start":{"line":239,"column":2},"end":{"line":241,"column":4}},"155":{"start":{"line":240,"column":4},"end":{"line":240,"column":50}},"156":{"start":{"line":243,"column":2},"end":{"line":251,"column":4}},"157":{"start":{"line":244,"column":4},"end":{"line":244,"column":32}},"158":{"start":{"line":245,"column":4},"end":{"line":245,"column":72}},"159":{"start":{"line":246,"column":4},"end":{"line":249,"column":5}},"160":{"start":{"line":247,"column":6},"end":{"line":247,"column":25}},"161":{"start":{"line":248,"column":6},"end":{"line":248,"column":37}},"162":{"start":{"line":250,"column":4},"end":{"line":250,"column":16}},"163":{"start":{"line":253,"column":2},"end":{"line":261,"column":4}},"164":{"start":{"line":254,"column":4},"end":{"line":254,"column":32}},"165":{"start":{"line":255,"column":4},"end":{"line":255,"column":72}},"166":{"start":{"line":256,"column":4},"end":{"line":259,"column":5}},"167":{"start":{"line":257,"column":6},"end":{"line":257,"column":25}},"168":{"start":{"line":258,"column":6},"end":{"line":258,"column":52}},"169":{"start":{"line":260,"column":4},"end":{"line":260,"column":16}},"170":{"start":{"line":263,"column":2},"end":{"line":266,"column":4}},"171":{"start":{"line":264,"column":4},"end":{"line":264,"column":37}},"172":{"start":{"line":265,"column":4},"end":{"line":265,"column":16}},"173":{"start":{"line":268,"column":2},"end":{"line":276,"column":4}},"174":{"start":{"line":269,"column":4},"end":{"line":269,"column":32}},"175":{"start":{"line":270,"column":4},"end":{"line":270,"column":72}},"176":{"start":{"line":271,"column":4},"end":{"line":274,"column":5}},"177":{"start":{"line":272,"column":6},"end":{"line":272,"column":25}},"178":{"start":{"line":273,"column":6},"end":{"line":273,"column":40}},"179":{"start":{"line":275,"column":4},"end":{"line":275,"column":16}},"180":{"start":{"line":278,"column":2},"end":{"line":286,"column":4}},"181":{"start":{"line":279,"column":4},"end":{"line":279,"column":32}},"182":{"start":{"line":280,"column":4},"end":{"line":280,"column":72}},"183":{"start":{"line":281,"column":4},"end":{"line":284,"column":5}},"184":{"start":{"line":282,"column":6},"end":{"line":282,"column":25}},"185":{"start":{"line":283,"column":6},"end":{"line":283,"column":55}},"186":{"start":{"line":285,"column":4},"end":{"line":285,"column":16}},"187":{"start":{"line":288,"column":2},"end":{"line":291,"column":4}},"188":{"start":{"line":289,"column":4},"end":{"line":289,"column":40}},"189":{"start":{"line":290,"column":4},"end":{"line":290,"column":16}},"190":{"start":{"line":293,"column":2},"end":{"line":302,"column":4}},"191":{"start":{"line":294,"column":4},"end":{"line":296,"column":5}},"192":{"start":{"line":295,"column":6},"end":{"line":295,"column":20}},"193":{"start":{"line":297,"column":4},"end":{"line":299,"column":5}},"194":{"start":{"line":298,"column":6},"end":{"line":298,"column":20}},"195":{"start":{"line":300,"column":4},"end":{"line":300,"column":34}},"196":{"start":{"line":301,"column":4},"end":{"line":301,"column":16}},"197":{"start":{"line":304,"column":2},"end":{"line":310,"column":4}},"198":{"start":{"line":305,"column":4},"end":{"line":308,"column":7}},"199":{"start":{"line":309,"column":4},"end":{"line":309,"column":16}},"200":{"start":{"line":312,"column":2},"end":{"line":317,"column":4}},"201":{"start":{"line":313,"column":4},"end":{"line":315,"column":7}},"202":{"start":{"line":314,"column":6},"end":{"line":314,"column":44}},"203":{"start":{"line":316,"column":4},"end":{"line":316,"column":16}},"204":{"start":{"line":319,"column":2},"end":{"line":322,"column":4}},"205":{"start":{"line":320,"column":4},"end":{"line":320,"column":29}},"206":{"start":{"line":321,"column":4},"end":{"line":321,"column":16}},"207":{"start":{"line":324,"column":2},"end":{"line":326,"column":4}},"208":{"start":{"line":325,"column":4},"end":{"line":325,"column":23}},"209":{"start":{"line":328,"column":2},"end":{"line":332,"column":4}},"210":{"start":{"line":329,"column":4},"end":{"line":329,"column":45}},"211":{"start":{"line":330,"column":4},"end":{"line":330,"column":35}},"212":{"start":{"line":331,"column":4},"end":{"line":331,"column":16}},"213":{"start":{"line":334,"column":2},"end":{"line":336,"column":4}},"214":{"start":{"line":335,"column":4},"end":{"line":335,"column":26}},"215":{"start":{"line":338,"column":2},"end":{"line":352,"column":4}},"216":{"start":{"line":339,"column":4},"end":{"line":339,"column":22}},"217":{"start":{"line":340,"column":4},"end":{"line":342,"column":5}},"218":{"start":{"line":341,"column":6},"end":{"line":341,"column":20}},"219":{"start":{"line":343,"column":4},"end":{"line":345,"column":5}},"220":{"start":{"line":344,"column":6},"end":{"line":344,"column":34}},"221":{"start":{"line":346,"column":4},"end":{"line":346,"column":28}},"222":{"start":{"line":347,"column":4},"end":{"line":347,"column":53}},"223":{"start":{"line":348,"column":4},"end":{"line":350,"column":5}},"224":{"start":{"line":349,"column":6},"end":{"line":349,"column":30}},"225":{"start":{"line":351,"column":4},"end":{"line":351,"column":20}},"226":{"start":{"line":354,"column":2},"end":{"line":439,"column":4}},"227":{"start":{"line":355,"column":4},"end":{"line":355,"column":65}},"228":{"start":{"line":356,"column":4},"end":{"line":358,"column":5}},"229":{"start":{"line":357,"column":6},"end":{"line":357,"column":29}},"230":{"start":{"line":359,"column":4},"end":{"line":359,"column":39}},"231":{"start":{"line":360,"column":4},"end":{"line":372,"column":6}},"232":{"start":{"line":362,"column":8},"end":{"line":362,"column":16}},"233":{"start":{"line":363,"column":8},"end":{"line":363,"column":17}},"234":{"start":{"line":364,"column":8},"end":{"line":366,"column":9}},"235":{"start":{"line":365,"column":10},"end":{"line":365,"column":39}},"236":{"start":{"line":367,"column":8},"end":{"line":367,"column":26}},"237":{"start":{"line":368,"column":8},"end":{"line":368,"column":19}},"238":{"start":{"line":373,"column":4},"end":{"line":373,"column":20}},"239":{"start":{"line":374,"column":4},"end":{"line":374,"column":15}},"240":{"start":{"line":375,"column":4},"end":{"line":375,"column":20}},"241":{"start":{"line":376,"column":4},"end":{"line":429,"column":5}},"242":{"start":{"line":377,"column":6},"end":{"line":377,"column":22}},"243":{"start":{"line":378,"column":6},"end":{"line":380,"column":7}},"244":{"start":{"line":379,"column":8},"end":{"line":379,"column":17}},"245":{"start":{"line":381,"column":6},"end":{"line":383,"column":7}},"246":{"start":{"line":382,"column":8},"end":{"line":382,"column":17}},"247":{"start":{"line":384,"column":6},"end":{"line":384,"column":14}},"248":{"start":{"line":385,"column":6},"end":{"line":387,"column":7}},"249":{"start":{"line":386,"column":8},"end":{"line":386,"column":14}},"250":{"start":{"line":388,"column":6},"end":{"line":395,"column":7}},"251":{"start":{"line":389,"column":8},"end":{"line":393,"column":11}},"252":{"start":{"line":394,"column":8},"end":{"line":394,"column":17}},"253":{"start":{"line":396,"column":6},"end":{"line":428,"column":12}},"254":{"start":{"line":397,"column":8},"end":{"line":397,"column":23}},"255":{"start":{"line":398,"column":8},"end":{"line":423,"column":10}},"256":{"start":{"line":402,"column":16},"end":{"line":404,"column":17}},"257":{"start":{"line":403,"column":18},"end":{"line":403,"column":28}},"258":{"start":{"line":405,"column":16},"end":{"line":409,"column":18}},"259":{"start":{"line":413,"column":14},"end":{"line":413,"column":26}},"260":{"start":{"line":414,"column":14},"end":{"line":416,"column":16}},"261":{"start":{"line":417,"column":14},"end":{"line":419,"column":15}},"262":{"start":{"line":418,"column":16},"end":{"line":418,"column":43}},"263":{"start":{"line":420,"column":14},"end":{"line":420,"column":29}},"264":{"start":{"line":424,"column":8},"end":{"line":426,"column":9}},"265":{"start":{"line":425,"column":10},"end":{"line":425,"column":50}},"266":{"start":{"line":427,"column":8},"end":{"line":427,"column":26}},"267":{"start":{"line":430,"column":4},"end":{"line":434,"column":6}},"268":{"start":{"line":435,"column":4},"end":{"line":437,"column":5}},"269":{"start":{"line":436,"column":6},"end":{"line":436,"column":45}},"270":{"start":{"line":438,"column":4},"end":{"line":438,"column":15}},"271":{"start":{"line":441,"column":2},"end":{"line":478,"column":4}},"272":{"start":{"line":442,"column":4},"end":{"line":442,"column":111}},"273":{"start":{"line":443,"column":4},"end":{"line":464,"column":5}},"274":{"start":{"line":444,"column":6},"end":{"line":446,"column":7}},"275":{"start":{"line":445,"column":8},"end":{"line":445,"column":20}},"276":{"start":{"line":447,"column":6},"end":{"line":449,"column":7}},"277":{"start":{"line":448,"column":8},"end":{"line":448,"column":20}},"278":{"start":{"line":450,"column":6},"end":{"line":450,"column":28}},"279":{"start":{"line":451,"column":6},"end":{"line":456,"column":7}},"280":{"start":{"line":452,"column":8},"end":{"line":452,"column":28}},"281":{"start":{"line":453,"column":8},"end":{"line":455,"column":9}},"282":{"start":{"line":454,"column":10},"end":{"line":454,"column":22}},"283":{"start":{"line":457,"column":6},"end":{"line":463,"column":7}},"284":{"start":{"line":458,"column":8},"end":{"line":458,"column":30}},"285":{"start":{"line":459,"column":8},"end":{"line":462,"column":9}},"286":{"start":{"line":460,"column":10},"end":{"line":460,"column":27}},"287":{"start":{"line":461,"column":10},"end":{"line":461,"column":87}},"288":{"start":{"line":465,"column":4},"end":{"line":465,"column":32}},"289":{"start":{"line":466,"column":4},"end":{"line":471,"column":5}},"290":{"start":{"line":467,"column":6},"end":{"line":467,"column":21}},"291":{"start":{"line":468,"column":6},"end":{"line":470,"column":7}},"292":{"start":{"line":469,"column":8},"end":{
[...]
":34}},"88":{"start":{"line":119,"column":6},"end":{"line":121,"column":7}},"89":{"start":{"line":120,"column":8},"end":{"line":120,"column":17}},"90":{"start":{"line":122,"column":6},"end":{"line":122,"column":33}},"91":{"start":{"line":123,"column":6},"end":{"line":123,"column":33}},"92":{"start":{"line":124,"column":6},"end":{"line":124,"column":31}},"93":{"start":{"line":126,"column":4},"end":{"line":131,"column":5}},"94":{"start":{"line":127,"column":6},"end":{"line":127,"column":41}},"95":{"start":{"line":128,"column":6},"end":{"line":130,"column":7}},"96":{"start":{"line":129,"column":8},"end":{"line":129,"column":27}},"97":{"start":{"line":132,"column":4},"end":{"line":135,"column":5}},"98":{"start":{"line":133,"column":6},"end":{"line":133,"column":20}},"99":{"start":{"line":134,"column":6},"end":{"line":134,"column":18}},"100":{"start":{"line":136,"column":4},"end":{"line":141,"column":5}},"101":{"start":{"line":137,"column":6},"end":{"line":137,"column":34}},"102":{"start":{"line":138,"column":6},"end":{"line":138,"column":29}},"103":{"start":{"line":139,"column":6},"end":{"line":139,"column":76}},"104":{"start":{"line":140,"column":6},"end":{"line":140,"column":28}},"105":{"start":{"line":142,"column":4},"end":{"line":157,"column":6}},"106":{"start":{"line":160,"column":2},"end":{"line":162,"column":4}},"107":{"start":{"line":161,"column":4},"end":{"line":161,"column":25}},"108":{"start":{"line":164,"column":2},"end":{"line":166,"column":4}},"109":{"start":{"line":165,"column":4},"end":{"line":165,"column":22}},"110":{"start":{"line":168,"column":2},"end":{"line":170,"column":4}},"111":{"start":{"line":169,"column":4},"end":{"line":169,"column":25}},"112":{"start":{"line":172,"column":2},"end":{"line":174,"column":4}},"113":{"start":{"line":173,"column":4},"end":{"line":173,"column":23}},"114":{"start":{"line":176,"column":2},"end":{"line":178,"column":4}},"115":{"start":{"line":177,"column":4},"end":{"line":177,"column":35}},"116":{"start":{"line":180,"column":2},"end":{"line":182,"column":4}},"117":{"start":{"line":181,"column":4},"end":{"line":181,"column":27}},"118":{"start":{"line":184,"column":2},"end":{"line":186,"column":4}},"119":{"start":{"line":185,"column":4},"end":{"line":185,"column":23}},"120":{"start":{"line":188,"column":2},"end":{"line":190,"column":4}},"121":{"start":{"line":189,"column":4},"end":{"line":189,"column":43}},"122":{"start":{"line":192,"column":2},"end":{"line":227,"column":4}},"123":{"start":{"line":193,"column":4},"end":{"line":193,"column":44}},"124":{"start":{"line":194,"column":4},"end":{"line":194,"column":24}},"125":{"start":{"line":195,"column":4},"end":{"line":195,"column":21}},"126":{"start":{"line":196,"column":4},"end":{"line":201,"column":5}},"127":{"start":{"line":197,"column":6},"end":{"line":200,"column":8}},"128":{"start":{"line":202,"column":4},"end":{"line":202,"column":15}},"129":{"start":{"line":203,"column":4},"end":{"line":203,"column":18}},"130":{"start":{"line":204,"column":4},"end":{"line":210,"column":5}},"131":{"start":{"line":205,"column":6},"end":{"line":205,"column":52}},"132":{"start":{"line":206,"column":6},"end":{"line":206,"column":55}},"133":{"start":{"line":208,"column":6},"end":{"line":208,"column":59}},"134":{"start":{"line":209,"column":6},"end":{"line":209,"column":48}},"135":{"start":{"line":211,"column":4},"end":{"line":211,"column":16}},"136":{"start":{"line":212,"column":4},"end":{"line":216,"column":5}},"137":{"start":{"line":213,"column":6},"end":{"line":213,"column":35}},"138":{"start":{"line":214,"column":6},"end":{"line":214,"column":26}},"139":{"start":{"line":215,"column":6},"end":{"line":215,"column":18}},"140":{"start":{"line":217,"column":4},"end":{"line":221,"column":5}},"141":{"start":{"line":218,"column":6},"end":{"line":218,"column":35}},"142":{"start":{"line":219,"column":6},"end":{"line":219,"column":26}},"143":{"start":{"line":220,"column":6},"end":{"line":220,"column":18}},"144":{"start":{"line":222,"column":4},"end":{"line":222,"column":21}},"145":{"start":{"line":223,"column":4},"end":{"line":226,"column":6}},"146":{"start":{"line":229,"column":2},"end":{"line":229,"column":21}},"147":{"start":{"line":233,"column":0},"end":{"line":233,"column":77}},"148":{"start":{"line":234,"column":0},"end":{"line":242,"column":2}},"149":{"start":{"line":235,"column":2},"end":{"line":235,"column":17}},"150":{"start":{"line":236,"column":2},"end":{"line":236,"column":76}},"151":{"start":{"line":237,"column":2},"end":{"line":241,"column":5}},"152":{"start":{"line":239,"column":6},"end":{"line":239,"column":32}},"153":{"start":{"line":243,"column":0},"end":{"line":246,"column":1}},"154":{"start":{"line":244,"column":2},"end":{"line":244,"column":18}},"155":{"start":{"line":245,"column":2},"end":{"line":245,"column":8}}},"branchMap":{"1":{"line":17,"type":"if","locations":[{"start":{"line":17,"column":4},"end":{"line":17,"column":4}},{"start":{"line":17,"column":4},"end":{"line":17,"column":4}}]},"2":{"line":20,"type":"if","locations":[{"start":{"line":20,"column":4},"end":{"line":20,"column":4}},{"start":{"line":20,"column":4},"end":{"line":20,"column":4}}]},"3":{"line":24,"type":"if","locations":[{"start":{"line":24,"column":6},"end":{"line":24,"column":6}},{"start":{"line":24,"column":6},"end":{"line":24,"column":6}}]},"4":{"line":26,"type":"if","locations":[{"start":{"line":26,"column":13},"end":{"line":26,"column":13}},{"start":{"line":26,"column":13},"end":{"line":26,"column":13}}]},"5":{"line":27,"type":"if","locations":[{"start":{"line":27,"column":8},"end":{"line":27,"column":8}},{"start":{"line":27,"column":8},"end":{"line":27,"column":8}}]},"6":{"line":31,"type":"if","locations":[{"start":{"line":31,"column":6},"end":{"line":31,"column":6}},{"start":{"line":31,"column":6},"end":{"line":31,"column":6}}]},"7":{"line":34,"type":"binary-expr","locations":[{"start":{"line":34,"column":25},"end":{"line":34,"column":51}},{"start":{"line":34,"column":56},"end":{"line":34,"column":82}},{"start":{"line":34,"column":86},"end":{"line":34,"column":88}}]},"8":{"line":46,"type":"if","locations":[{"start":{"line":46,"column":6},"end":{"line":46,"column":6}},{"start":{"line":46,"column":6},"end":{"line":46,"column":6}}]},"9":{"line":49,"type":"if","locations":[{"start":{"line":49,"column":6},"end":{"line":49,"column":6}},{"start":{"line":49,"column":6},"end":{"line":49,"column":6}}]},"10":{"line":52,"type":"if","locations":[{"start":{"line":52,"column":8},"end":{"line":52,"column":8}},{"start":{"line":52,"column":8},"end":{"line":52,"column":8}}]},"11":{"line":61,"type":"if","locations":[{"start":{"line":61,"column":4},"end":{"line":61,"column":4}},{"start":{"line":61,"column":4},"end":{"line":61,"column":4}}]},"12":{"line":70,"type":"if","locations":[{"start":{"line":70,"column":4},"end":{"line":70,"column":4}},{"start":{"line":70,"column":4},"end":{"line":70,"column":4}}]},"13":{"line":73,"type":"if","locations":[{"start":{"line":73,"column":4},"end":{"line":73,"column":4}},{"start":{"line":73,"column":4},"end":{"line":73,"column":4}}]},"14":{"line":77,"type":"if","locations":[{"start":{"line":77,"column":4},"end":{"line":77,"column":4}},{"start":{"line":77,"column":4},"end":{"line":77,"column":4}}]},"15":{"line":77,"type":"binary-expr","locations":[{"start":{"line":77,"column":8},"end":{"line":77,"column":38}},{"start":{"line":77,"column":42},"end":{"line":77,"column":82}}]},"16":{"line":93,"type":"if","locations":[{"start":{"line":93,"column":4},"end":{"line":93,"column":4}},{"start":{"line":93,"column":4},"end":{"line":93,"column":4}}]},"17":{"line":96,"type":"if","locations":[{"start":{"line":96,"column":4},"end":{"line":96,"column":4}},{"start":{"line":96,"column":4},"end":{"line":96,"column":4}}]},"18":{"line":100,"type":"if","locations":[{"start":{"line":100,"column":4},"end":{"line":100,"column":4}},{"start":{"line":100,"column":4},"end":{"line":100,"column":4}}]},"19":{"line":105,"type":"if","locations":[{"start":{"line":105,"column":4},"end":{"line":105,"column":4}},{"start":{"line":105,"column":4},"end":{"line":105,"column":4}}]},"20":{"line":110,"type":"if","locations":[{"start":{"line":110,"column":4},"end":{"line":110,"column":4}},{"start":{"line":110,"column":4},"end":{"line":110,"column":4}}]},"21":{"line":116,"type":"if","locations":[{"start":{"line":116,"column":4},"end":{"line":116,"column":4}},{"start":{"line":116,"column":4},"end":{"line":116,"column":4}}]},"22":{"line":119,"type":"if","locations":[{"start":{"line":119,"column":6},"end":{"line":119,"column":6}},{"start":{"line":119,"column":6},"end":{"line":119,"column":6}}]},"23":{"line":126,"type":"if","locations":[{"start":{"line":126,"column":4},"end":{"line":126,"column":4}},{"start":{"line":126,"column":4},"end":{"line":126,"column":4}}]},"24":{"line":128,"type":"if","locations":[{"start":{"line":128,"column":6},"end":{"line":128,"column":6}},{"start":{"line":128,"column":6},"end":{"line":128,"column":6}}]},"25":{"line":132,"type":"if","locations":[{"start":{"line":132,"column":4},"end":{"line":132,"column":4}},{"start":{"line":132,"column":4},"end":{"line":132,"column":4}}]},"26":{"line":136,"type":"if","locations":[{"start":{"line":136,"column":4},"end":{"line":136,"column":4}},{"start":{"line":136,"column":4},"end":{"line":136,"column":4}}]},"27":{"line":156,"type":"binary-expr","locations":[{"start":{"line":156,"column":16},"end":{"line":156,"column":24}},{"start":{"line":156,"column":28},"end":{"line":156,"column":30}}]},"28":{"line":196,"type":"if","locations":[{"start":{"line":196,"column":4},"end":{"line":196,"column":4}},{"start":{"line":196,"column":4},"end":{"line":196,"column":4}}]},"29":{"line":204,"type":"if","locations":[{"start":{"line":204,"column":4},"end":{"line":204,"column":4}},{"start":{"line":204,"column":4},"end":{"line":204,"column":4}}]},"30":{"line":217,"type":"if","locations":[{"start":{"line":217,"column":4},"end":{"line":217,"column":4}},{"start":{"line":217,"column":4},"end":{"line":217,"column":4}}]}},"code":["// Generated by CoffeeScript 1.8.0","var ParsedError, prop, sysPath, _fn, _i, _len, _ref;","","sysPath = require('path');","","module.exports = ParsedError = (function() {","  function ParsedError(error) {","    this.error = error;","    this._parse();","  }","","  ParsedError.prototype._parse = function() {","    var m;","    this._trace = [];","    this._kind = 'Error';","    this._wrapper = '';","    if (this.error.wrapper != null) {","      this._wrapper = String(this.error.wrapper);","    }","    if (typeof this.error !== 'object') {","      this._message = String(this.error);","    } else {","      this._stack = this.error.stack;","      if (this.error.kind != null) {","        this._kind = String(this.error.kind);","      } else if (typeof this._stack === 'string') {","        if (m = this._stack.match(/^([a-zA-Z0-9\\_\\$]+):\\ /)) {","          this._kind = m[1];","        }","      }","      if (typeof this._stack === 'string') {","        this._parseStack();","      } else {","        this._message = (this.error.message != null) && String(this.error.message) || '';","      }","    }","  };","","  ParsedError.prototype._parseStack = function() {","    var line, message, messageLines, reachedTrace, _i, _len, _ref;","    messageLines = [];","    reachedTrace = false;","    _ref = this._stack.split('\\n');","    for (_i = 0, _len = _ref.length; _i < _len; _i++) {","      line = _ref[_i];","      if (line.trim() === '') {","        continue;","      }","      if (reachedTrace) {","        this._trace.push(this._parseTraceItem(line));","      } else {","        if (line.match(/^\\s*at\\s.+/)) {","          reachedTrace = true;","          this._trace.push(this._parseTraceItem(line));","        } else {","          messageLines.push(line);","        }","      }","    }","    message = messageLines.join('\\n');","    if (message.substr(0, this._kind.length) === this._kind) {","      message = message.substr(this._kind.length, message.length).replace(/^\\:\\s+/, '');","    }","    this._message = message;","  };","","  ParsedError.prototype._parseTraceItem = function(text) {","    var addr, col, d, dir, file, jsCol, jsLine, line, m, original, packageName, packages, path, r, remaining, shortenedAddr, shortenedPath, what;","    text = text.trim();","    if (text === '') {","      return;","    }","    if (!text.match(/^at\\ /)) {","      return text;","    }","    text = text.replace(/^at /, '');","    if (text === 'Error (<anonymous>)' || text === 'Error (<anonymous>:null:null)') {","      return;","    }","    original = text;","    what = null;","    addr = null;","    path = null;","    dir = null;","    file = null;","    line = null;","    col = null;","    jsLine = null;","    jsCol = null;","    shortenedPath = null;","    shortenedAddr = null;","    packageName = '[current]';","    if (m = text.match(/\\(([^\\)]+)\\)$/)) {","      addr = m[1].trim();","    }","    if (addr != null) {","      what = text.substr(0, text.length - addr.length - 2);","      what = what.trim();","    }","    if (addr == null) {","      addr = text.trim();","    }","    addr = this._fixPath(addr);","    remaining = addr;","    if (m = remaining.match(/\\,\\ <js>:(\\d+):(\\d+)$/)) {","      jsLine = m[1];","      jsCol = m[2];","      remaining = remaining.substr(0, remaining.length - m[0].length);","    }","    if (m = remaining.match(/:(\\d+):(\\d+)$/)) {","      line = m[1];","      col = m[2];","      remaining = remaining.substr(0, remaining.length - m[0].length);","      path = remaining;","    }","    if (path != null) {","      file = sysPath.basename(path);","      dir = sysPath.dirname(path);","      if (dir === '.') {","        dir = '';","      }","      path = this._fixPath(path);","      file = this._fixPath(file);","      dir = this._fixPath(dir);","    }","    if (dir != null) {","      d = dir.replace(/[\\\\]{1,2}/g, '/');","      if (m = d.match(/node_modules\\/([^\\/]+)(?!.*node_modules.*)/)) {","        packageName = m[1];","      }","    }","    if (jsLine == null) {","      jsLine = line;","      jsCol = col;","    }","    if (path != null) {","      r = this._rectifyPath(path);","      shortenedPath = r.path;","      shortenedAddr = shortenedPath + addr.substr(path.length, addr.length);","      packages = r.packages;","    }","    return {","      original: original,","      what: what,","      addr: addr,","      path: path,","      dir: dir,","      file: file,","      line: parseInt(line),","      col: parseInt(col),","      jsLine: parseInt(jsLine),","      jsCol: parseInt(jsCol),","      packageName: packageName,","      shortenedPath: shortenedPath,","      shortenedAddr: shortenedAddr,","      packages: packages || []","    };","  };","","  ParsedError.prototype._getMessage = function() {","    return this._message;","  };","","  ParsedError.prototype._getKind = function() {","    return this._kind;","  };","","  ParsedError.prototype._getWrapper = function() {","    return this._wrapper;","  };","","  ParsedError.prototype._getStack = function() {","    return this._stack;","  };","","  ParsedError.prototype._getArguments = function() {","    return this.error[\"arguments\"];","  };","","  ParsedError.prototype._getType = function() {","    return this.error.type;","  };","","  ParsedError.prototype._getTrace = function() {","    return this._trace;","  };","","  ParsedError.prototype._fixPath = function(path) {","    return path.replace(/[\\\\]{1,2}/g, '/');","  };","","  ParsedError.prototype._rectifyPath = function(path, nameForCurrentPackage) {","    var m, packages, parts, remaining, rest;","    path = String(path);","    remaining = path;","    if (!(m = path.match(/^(.+?)\\/node_modules\\/(.+)$/))) {","      return {","        path: path,","        packages: []","      };","    }","    parts = [];","    packages = [];","    if (typeof nameForCurrentPackage === 'string') {","      parts.push(\"[\" + nameForCurrentPackage + \"]\");","      packages.push(\"[\" + nameForCurrentPackage + \"]\");","    } else {","      parts.push(\"[\" + (m[1].match(/([^\\/]+)$/)[1]) + \"]\");","      packages.push(m[1].match(/([^\\/]+)$/)[1]);","    }","    rest = m[2];","    while (m = rest.match(/([^\\/]+)\\/node_modules\\/(.+)$/)) {","      parts.push(\"[\" + m[1] + \"]\");","      packages.push(m[1]);","      rest = m[2];","    }","    if (m = rest.match(/([^\\/]+)\\/(.+)$/)) {","      parts.push(\"[\" + m[1] + \"]\");","      packages.push(m[1]);","      rest = m[2];","    }","    parts.push(rest);","    return {","      path: parts.join(\"/\"),","      packages: packages","    };","  };","","  return ParsedError;","","})();","","_ref = ['message', 'kind', 'arguments', 'type', 'stack', 'trace', 'wrapper'];","_fn = function() {","  var methodName;","  methodName = '_get' + prop[0].toUpperCase() + prop.substr(1, prop.length);","  return Object.defineProperty(ParsedError.prototype, prop, {","    get: function() {","      return this[methodName]();","    }","  });","};","for (_i = 0, _len = _ref.length; _i < _len; _i++) {","  prop = _ref[_i];","  _fn();","}",""],"l":{"2":1,"4":1,"6":1,"7":1,"8":81,"9":81,"12":1,"13":81,"14":81,"15":81,"16":81,"17":81,"18":0,"20":81,"21":0,"23":81,"24":81,"25":0,"26":81,"27":81,"28":0,"31":81,"32":81,"34":0,"39":1,"40":81,"41":81,"42":81,"43":81,"44":81,"45":848,"46":848,"47":0,"49":848,"50":686,"52":162,"53":81,"54":81,"56":81,"60":81,"61":81,"62":81,"64":81,"67":1,"68":767,"69":767,"70":767,"71":0,"73":767,"74":0,"76":767,"77":767,"78":0,"80":767,"81":767,"82":767,"83":767,"84":767,"85":767,"86":767,"87":767,"88":767,"89":767,"90":767,"91":767,"92":767,"93":767,"94":549,"96":767,"97":549,"98":549,"100":767,"101":218,"103":767,"104":767,"105":767,"106":0,"107":0,"108":0,"110":767,"111":765,"112":765,"113":765,"114":765,"116":767,"117":765,"118":765,"119":765,"120":100,"122":765,"123":765,"124":765,"126":767,"127":765,"128":765,"129":645,"132":767,"133":767,"134":767,"136":767,"137":765,"138":765,"139":765,"140":765,"142":767,"160":1,"161":81,"164":1,"165":81,"168":1,"169":81,"172":1,"173":0,"176":1,"177":0,"180":1,"181":0,"184":1,"185":81,"188":1,"189":3062,"192":1,"193":765,"194":765,"195":765,"196":765,"197":120,"202":645,"203":645,"204":645,"205":0,"206":0,"208":645,"209":645,"211":645,"212":645,"213":0,"214":0,"215":0,"217":645,"218":645,"219":645,"220":645,"222":645,"223":645,"229":1,"233":1,"234":1,"235":7,"236":7,"237":7,"239":324,"243":1,"244":7,"245":7}},"/home/travis/build/npmtest/node-npmtest-pretty-error/node_modules/pretty-error/lib/nodePaths.js":{"path":"/home/travis/build/npmtest/node-npmtest-pretty-error/node_modules/pretty-error/lib/nodePaths.js","s":{"1":1},"b":{},"f":{},"fnMap":{},"statementMap":{"1":{"start":{"line":2,"column":0},"end":{"line":2,"column":761}}},"branchMap":{},"code":["// Generated by CoffeeScript 1.8.0","module.exports = ['_debugger.js', '_http_agent.js', '_http_client.js', '_http_common.js', '_http_incoming.js', '_http_outgoing.js', '_http_server.js', '_linklist.js', '_stream_duplex.js', '_stream_passthrough.js', '_stream_readable.js', '_stream_transform.js', '_stream_writable.js', '_tls_legacy.js', '_tls_wrap.js', 'assert.js', 'buffer.js', 'child_process.js', 'cluster.js', 'console.js', 'constants.js', 'crypto.js', 'dgram.js', 'dns.js', 'domain.js', 'events.js', 'freelist.js', 'fs.js', 'http.js', 'https.js', 'module.js', 'net.js', 'os.js', 'path.js', 'punycode.js', 'querystring.js', 'readline.js', 'repl.js', 'smalloc.js', 'stream.js', 'string_decoder.js', 'sys.js', 'timers.js', 'tls.js', 'tty.js', 'url.js', 'util.js', 'vm.js', 'zlib.js', 'node.js'];",""],"l":{"2":1}},"/home/travis/build/npmtest/node-npmtest-pretty-error/node_modules/pretty-error/start.js":{"path":"/home/travis/build/npmtest/node-npmtest-pretty-error/node_modules/pretty-error/start.js","s":{"1":1},"b":{},"f":{},"fnMap":{},"statementMap":{"1":{"start":{"line":1,"column":0},"end":{"line":1,"column":36}}},"branchMap":{},"code":["require('./lib/PrettyError').start()"],"l":{"1":1}}}